#
# There is insufficient memory for the Java Runtime Environment to continue.
# Native memory allocation (malloc) failed to allocate 1037616 bytes. Error detail: Chunk::new
# Possible reasons:
#   The system is out of physical RAM or swap space
#   This process is running with CompressedOops enabled, and the Java Heap may be blocking the growth of the native heap
# Possible solutions:
#   Reduce memory load on the system
#   Increase physical memory or swap space
#   Check if swap backing store is full
#   Decrease Java heap size (-Xmx/-Xms)
#   Decrease number of Java threads
#   Decrease Java thread stack sizes (-Xss)
#   Set larger code cache with -XX:ReservedCodeCacheSize=
#   JVM is running with Unscaled Compressed Oops mode in which the Java heap is
#     placed in the first 4GB address space. The Java Heap base address is the
#     maximum limit for the native heap growth. Please use -XX:HeapBaseMinAddress
#     to set the Java Heap base and to place the Java Heap above 4GB virtual address.
# This output file may be truncated or incomplete.
#
#  Out of Memory Error (arena.cpp:168), pid=23152, tid=25764
#
# JRE version: OpenJDK Runtime Environment Corretto-21.0.6.7.1 (21.0.6+7) (build 21.0.6+7-LTS)
# Java VM: OpenJDK 64-Bit Server VM Corretto-21.0.6.7.1 (21.0.6+7-LTS, mixed mode, sharing, tiered, compressed oops, compressed class ptrs, g1 gc, windows-amd64)
# No core dump will be written. Minidumps are not enabled by default on client versions of Windows
#

---------------  S U M M A R Y ------------

Command Line: -javaagent:C:\Users\joaov\AppData\Local\Programs\IntelliJ IDEA Community Edition\lib\idea_rt.jar=60543 -Dfile.encoding=UTF-8 -Dsun.stdout.encoding=UTF-8 -Dsun.stderr.encoding=UTF-8 com.ohi.messageapi.MessageapiApplication

Host: 12th Gen Intel(R) Core(TM) i5-1235U, 12 cores, 7G,  Windows 11 , 64 bit Build 26100 (10.0.26100.7309)
Time: Tue Jan 13 10:22:04 2026 Hora oficial do Brasil elapsed time: 11.842346 seconds (0d 0h 0m 11s)

---------------  T H R E A D  ---------------

Current thread (0x000001f3fe1dd920):  JavaThread "C2 CompilerThread0" daemon [_thread_in_native, id=25764, stack(0x000000dcf4e00000,0x000000dcf4f00000) (1024K)]


Current CompileTask:
C2:11842 2122       4       java.lang.invoke.MethodType::makeImpl (109 bytes)

Stack: [0x000000dcf4e00000,0x000000dcf4f00000]
Native frames: (J=compiled Java code, j=interpreted, Vv=VM code, C=native code)
V  [jvm.dll+0x6da5e9]
V  [jvm.dll+0x8b6b73]
V  [jvm.dll+0x8b8ece]
V  [jvm.dll+0x8b95b3]
V  [jvm.dll+0x286256]
V  [jvm.dll+0xc65ed]
V  [jvm.dll+0xc6b23]
V  [jvm.dll+0x2fbb80]
V  [jvm.dll+0x6015e9]
V  [jvm.dll+0x2576f2]
V  [jvm.dll+0x24ff9a]
V  [jvm.dll+0x24daae]
V  [jvm.dll+0x1cc3e4]
V  [jvm.dll+0x25d279]
V  [jvm.dll+0x25b82b]
V  [jvm.dll+0x3facb6]
V  [jvm.dll+0x85f868]
V  [jvm.dll+0x6d8ded]
C  [ucrtbase.dll+0x37b0]
C  [KERNEL32.DLL+0x2e8d7]
C  [ntdll.dll+0x8c53c]


---------------  P R O C E S S  ---------------

Threads class SMR info:
_java_thread_list=0x000001f3df9c54f0, length=16, elements={
0x000001f3f644b9a0, 0x000001f3fe1bcea0, 0x000001f3fe1c3910, 0x000001f3fe1c8930,
0x000001f3fe1ca370, 0x000001f3fe1c7580, 0x000001f3fe1c9ce0, 0x000001f3fe1dd920,
0x000001f3fe1ec160, 0x000001f3fe1c8fc0, 0x000001f3fe1c9650, 0x000001f3fe1caa00,
0x000001f3fe1c7c10, 0x000001f3fe1ee370, 0x000001f3fe1edca0, 0x000001f3fe1c82a0
}

Java Threads: ( => current thread )
  0x000001f3f644b9a0 JavaThread "main"                              [_thread_in_vm, id=24076, stack(0x000000dcf4000000,0x000000dcf4100000) (1024K)]
  0x000001f3fe1bcea0 JavaThread "Reference Handler"          daemon [_thread_blocked, id=19812, stack(0x000000dcf4800000,0x000000dcf4900000) (1024K)]
  0x000001f3fe1c3910 JavaThread "Finalizer"                  daemon [_thread_blocked, id=9088, stack(0x000000dcf4900000,0x000000dcf4a00000) (1024K)]
  0x000001f3fe1c8930 JavaThread "Signal Dispatcher"          daemon [_thread_blocked, id=13692, stack(0x000000dcf4a00000,0x000000dcf4b00000) (1024K)]
  0x000001f3fe1ca370 JavaThread "Attach Listener"            daemon [_thread_blocked, id=4312, stack(0x000000dcf4b00000,0x000000dcf4c00000) (1024K)]
  0x000001f3fe1c7580 JavaThread "Service Thread"             daemon [_thread_blocked, id=1348, stack(0x000000dcf4c00000,0x000000dcf4d00000) (1024K)]
  0x000001f3fe1c9ce0 JavaThread "Monitor Deflation Thread"   daemon [_thread_blocked, id=13696, stack(0x000000dcf4d00000,0x000000dcf4e00000) (1024K)]
=>0x000001f3fe1dd920 JavaThread "C2 CompilerThread0"         daemon [_thread_in_native, id=25764, stack(0x000000dcf4e00000,0x000000dcf4f00000) (1024K)]
  0x000001f3fe1ec160 JavaThread "C1 CompilerThread0"         daemon [_thread_blocked, id=1604, stack(0x000000dcf4f00000,0x000000dcf5000000) (1024K)]
  0x000001f3fe1c8fc0 JavaThread "Common-Cleaner"             daemon [_thread_blocked, id=13544, stack(0x000000dcf5000000,0x000000dcf5100000) (1024K)]
  0x000001f3fe1c9650 JavaThread "Monitor Ctrl-Break"         daemon [_thread_in_native, id=17424, stack(0x000000dcf5200000,0x000000dcf5300000) (1024K)]
  0x000001f3fe1caa00 JavaThread "Notification Thread"        daemon [_thread_blocked, id=17144, stack(0x000000dcf5300000,0x000000dcf5400000) (1024K)]
  0x000001f3fe1c7c10 JavaThread "background-preinit"                [_thread_in_vm, id=25752, stack(0x000000dcf5900000,0x000000dcf5a00000) (1024K)]
  0x000001f3fe1ee370 JavaThread "C2 CompilerThread1"         daemon [_thread_in_native, id=2304, stack(0x000000dcf5a00000,0x000000dcf5b00000) (1024K)]
  0x000001f3fe1edca0 JavaThread "C2 CompilerThread2"         daemon [_thread_in_native, id=12796, stack(0x000000dcf5e00000,0x000000dcf5f00000) (1024K)]
  0x000001f3fe1c82a0 JavaThread "Thread-0"                          [_thread_in_vm, id=1356, stack(0x000000dcf5f00000,0x000000dcf6000000) (1024K)]
Total: 16

Other Threads:
  0x000001f3fe1a3eb0 VMThread "VM Thread"                           [id=9980, stack(0x000000dcf4700000,0x000000dcf4800000) (1024K)]
  0x000001f3fe192b80 WatcherThread "VM Periodic Task Thread"        [id=11736, stack(0x000000dcf4600000,0x000000dcf4700000) (1024K)]
  0x000001f3f890e9c0 WorkerThread "GC Thread#0"                     [id=26048, stack(0x000000dcf4100000,0x000000dcf4200000) (1024K)]
  0x000001f3dd946c20 WorkerThread "GC Thread#1"                     [id=11908, stack(0x000000dcf5100000,0x000000dcf5200000) (1024K)]
  0x000001f3dd39e250 WorkerThread "GC Thread#2"                     [id=24368, stack(0x000000dcf5400000,0x000000dcf5500000) (1024K)]
  0x000001f3dd39e5f0 WorkerThread "GC Thread#3"                     [id=16544, stack(0x000000dcf5500000,0x000000dcf5600000) (1024K)]
  0x000001f3dd39e990 WorkerThread "GC Thread#4"                     [id=6252, stack(0x000000dcf5600000,0x000000dcf5700000) (1024K)]
  0x000001f3dd3a4e70 WorkerThread "GC Thread#5"                     [id=25332, stack(0x000000dcf5700000,0x000000dcf5800000) (1024K)]
  0x000001f3dd3a5210 WorkerThread "GC Thread#6"                     [id=18932, stack(0x000000dcf5800000,0x000000dcf5900000) (1024K)]
  0x000001f3ddc73120 WorkerThread "GC Thread#7"                     [id=22964, stack(0x000000dcf5b00000,0x000000dcf5c00000) (1024K)]
  0x000001f3ddecef20 WorkerThread "GC Thread#8"                     [id=19536, stack(0x000000dcf5c00000,0x000000dcf5d00000) (1024K)]
  0x000001f3ddecf2c0 WorkerThread "GC Thread#9"                     [id=17692, stack(0x000000dcf5d00000,0x000000dcf5e00000) (1024K)]
  0x000001f3f891ff30 ConcurrentGCThread "G1 Main Marker"            [id=6116, stack(0x000000dcf4200000,0x000000dcf4300000) (1024K)]
  0x000001f3f8922080 WorkerThread "G1 Conc#0"                       [id=21828, stack(0x000000dcf4300000,0x000000dcf4400000) (1024K)]
  0x000001f3f896e9f0 ConcurrentGCThread "G1 Refine#0"               [id=6380, stack(0x000000dcf4400000,0x000000dcf4500000) (1024K)]
  0x000001f3fe0635e0 ConcurrentGCThread "G1 Service"                [id=14432, stack(0x000000dcf4500000,0x000000dcf4600000) (1024K)]
Total: 16

Threads with active compile tasks:
C2 CompilerThread0  12956 2122       4       java.lang.invoke.MethodType::makeImpl (109 bytes)
C2 CompilerThread1  12957 2046       4       java.lang.invoke.MethodType::methodType (69 bytes)
C2 CompilerThread2  12957 2278 %     4       java.util.Properties$LineReader::readLine @ 53 (584 bytes)
Total: 3

VM state: not at safepoint (normal execution)

VM Mutex/Monitor currently owned by a thread: None

Heap address: 0x0000000084e00000, size: 1970 MB, Compressed Oops mode: 32-bit

CDS archive(s) mapped at: [0x000001f398000000-0x000001f398c80000-0x000001f398c80000), size 13107200, SharedBaseAddress: 0x000001f398000000, ArchiveRelocationMode: 1.
Compressed class space mapped at: 0x000001f399000000-0x000001f3d9000000, reserved size: 1073741824
Narrow klass base: 0x000001f398000000, Narrow klass shift: 0, Narrow klass range: 0x100000000

GC Precious Log:
 CardTable entry size: 512
 Card Set container configuration: InlinePtr #cards 5 size 8 Array Of Cards #cards 12 size 40 Howl #buckets 4 coarsen threshold 1843 Howl Bitmap #cards 512 size 80 coarsen threshold 460 Card regions per heap region 1 cards per card region 2048
 CPUs: 12 total, 12 available
 Memory: 7876M
 Large Page Support: Disabled
 NUMA Support: Disabled
 Compressed Oops: Enabled (32-bit)
 Heap Region Size: 1M
 Heap Min Capacity: 8M
 Heap Initial Capacity: 124M
 Heap Max Capacity: 1970M
 Pre-touch: Disabled
 Parallel Workers: 10
 Concurrent Workers: 3
 Concurrent Refinement Workers: 10
 Periodic GC: Disabled

Heap:
 garbage-first heap   total 126976K, used 23801K [0x0000000084e00000, 0x0000000100000000)
  region size 1024K, 17 young (17408K), 3 survivors (3072K)
 Metaspace       used 18176K, committed 18560K, reserved 1114112K
  class space    used 2226K, committed 2432K, reserved 1048576K

Heap Regions: E=young(eden), S=young(survivor), O=old, HS=humongous(starts), HC=humongous(continues), CS=collection set, F=free, TAMS=top-at-mark-start, PB=parsable bottom
|   0|0x0000000084e00000, 0x0000000084f00000, 0x0000000084f00000|100%|HS|  |TAMS 0x0000000084e00000| PB 0x0000000084e00000| Complete 
|   1|0x0000000084f00000, 0x0000000085000000, 0x0000000085000000|100%|HS|  |TAMS 0x0000000084f00000| PB 0x0000000084f00000| Complete 
|   2|0x0000000085000000, 0x0000000085100000, 0x0000000085100000|100%| O|  |TAMS 0x0000000085000000| PB 0x0000000085000000| Untracked 
|   3|0x0000000085100000, 0x0000000085200000, 0x0000000085200000|100%| O|  |TAMS 0x0000000085100000| PB 0x0000000085100000| Untracked 
|   4|0x0000000085200000, 0x0000000085300000, 0x0000000085300000|100%| O|  |TAMS 0x0000000085200000| PB 0x0000000085200000| Untracked 
|   5|0x0000000085300000, 0x0000000085400000, 0x0000000085400000|100%| O|  |TAMS 0x0000000085300000| PB 0x0000000085300000| Untracked 
|   6|0x0000000085400000, 0x0000000085500000, 0x0000000085500000|100%| O|  |TAMS 0x0000000085400000| PB 0x0000000085400000| Untracked 
|   7|0x0000000085500000, 0x00000000855953d8, 0x0000000085600000| 58%| O|  |TAMS 0x0000000085500000| PB 0x0000000085500000| Untracked 
|   8|0x0000000085600000, 0x0000000085600000, 0x0000000085700000|  0%| F|  |TAMS 0x0000000085600000| PB 0x0000000085600000| Untracked 
|   9|0x0000000085700000, 0x0000000085700000, 0x0000000085800000|  0%| F|  |TAMS 0x0000000085700000| PB 0x0000000085700000| Untracked 
|  10|0x0000000085800000, 0x0000000085800000, 0x0000000085900000|  0%| F|  |TAMS 0x0000000085800000| PB 0x0000000085800000| Untracked 
|  11|0x0000000085900000, 0x0000000085900000, 0x0000000085a00000|  0%| F|  |TAMS 0x0000000085900000| PB 0x0000000085900000| Untracked 
|  12|0x0000000085a00000, 0x0000000085a00000, 0x0000000085b00000|  0%| F|  |TAMS 0x0000000085a00000| PB 0x0000000085a00000| Untracked 
|  13|0x0000000085b00000, 0x0000000085b00000, 0x0000000085c00000|  0%| F|  |TAMS 0x0000000085b00000| PB 0x0000000085b00000| Untracked 
|  14|0x0000000085c00000, 0x0000000085c00000, 0x0000000085d00000|  0%| F|  |TAMS 0x0000000085c00000| PB 0x0000000085c00000| Untracked 
|  15|0x0000000085d00000, 0x0000000085d00000, 0x0000000085e00000|  0%| F|  |TAMS 0x0000000085d00000| PB 0x0000000085d00000| Untracked 
|  16|0x0000000085e00000, 0x0000000085e00000, 0x0000000085f00000|  0%| F|  |TAMS 0x0000000085e00000| PB 0x0000000085e00000| Untracked 
|  17|0x0000000085f00000, 0x0000000085f00000, 0x0000000086000000|  0%| F|  |TAMS 0x0000000085f00000| PB 0x0000000085f00000| Untracked 
|  18|0x0000000086000000, 0x0000000086000000, 0x0000000086100000|  0%| F|  |TAMS 0x0000000086000000| PB 0x0000000086000000| Untracked 
|  19|0x0000000086100000, 0x0000000086100000, 0x0000000086200000|  0%| F|  |TAMS 0x0000000086100000| PB 0x0000000086100000| Untracked 
|  20|0x0000000086200000, 0x0000000086200000, 0x0000000086300000|  0%| F|  |TAMS 0x0000000086200000| PB 0x0000000086200000| Untracked 
|  21|0x0000000086300000, 0x0000000086300000, 0x0000000086400000|  0%| F|  |TAMS 0x0000000086300000| PB 0x0000000086300000| Untracked 
|  22|0x0000000086400000, 0x0000000086400000, 0x0000000086500000|  0%| F|  |TAMS 0x0000000086400000| PB 0x0000000086400000| Untracked 
|  23|0x0000000086500000, 0x0000000086500000, 0x0000000086600000|  0%| F|  |TAMS 0x0000000086500000| PB 0x0000000086500000| Untracked 
|  24|0x0000000086600000, 0x0000000086600000, 0x0000000086700000|  0%| F|  |TAMS 0x0000000086600000| PB 0x0000000086600000| Untracked 
|  25|0x0000000086700000, 0x0000000086700000, 0x0000000086800000|  0%| F|  |TAMS 0x0000000086700000| PB 0x0000000086700000| Untracked 
|  26|0x0000000086800000, 0x0000000086800000, 0x0000000086900000|  0%| F|  |TAMS 0x0000000086800000| PB 0x0000000086800000| Untracked 
|  27|0x0000000086900000, 0x0000000086900000, 0x0000000086a00000|  0%| F|  |TAMS 0x0000000086900000| PB 0x0000000086900000| Untracked 
|  28|0x0000000086a00000, 0x0000000086a00000, 0x0000000086b00000|  0%| F|  |TAMS 0x0000000086a00000| PB 0x0000000086a00000| Untracked 
|  29|0x0000000086b00000, 0x0000000086b00000, 0x0000000086c00000|  0%| F|  |TAMS 0x0000000086b00000| PB 0x0000000086b00000| Untracked 
|  30|0x0000000086c00000, 0x0000000086c00000, 0x0000000086d00000|  0%| F|  |TAMS 0x0000000086c00000| PB 0x0000000086c00000| Untracked 
|  31|0x0000000086d00000, 0x0000000086d00000, 0x0000000086e00000|  0%| F|  |TAMS 0x0000000086d00000| PB 0x0000000086d00000| Untracked 
|  32|0x0000000086e00000, 0x0000000086e00000, 0x0000000086f00000|  0%| F|  |TAMS 0x0000000086e00000| PB 0x0000000086e00000| Untracked 
|  33|0x0000000086f00000, 0x0000000086f00000, 0x0000000087000000|  0%| F|  |TAMS 0x0000000086f00000| PB 0x0000000086f00000| Untracked 
|  34|0x0000000087000000, 0x0000000087000000, 0x0000000087100000|  0%| F|  |TAMS 0x0000000087000000| PB 0x0000000087000000| Untracked 
|  35|0x0000000087100000, 0x0000000087100000, 0x0000000087200000|  0%| F|  |TAMS 0x0000000087100000| PB 0x0000000087100000| Untracked 
|  36|0x0000000087200000, 0x0000000087200000, 0x0000000087300000|  0%| F|  |TAMS 0x0000000087200000| PB 0x0000000087200000| Untracked 
|  37|0x0000000087300000, 0x0000000087300000, 0x0000000087400000|  0%| F|  |TAMS 0x0000000087300000| PB 0x0000000087300000| Untracked 
|  38|0x0000000087400000, 0x0000000087400000, 0x0000000087500000|  0%| F|  |TAMS 0x0000000087400000| PB 0x0000000087400000| Untracked 
|  39|0x0000000087500000, 0x0000000087500000, 0x0000000087600000|  0%| F|  |TAMS 0x0000000087500000| PB 0x0000000087500000| Untracked 
|  40|0x0000000087600000, 0x0000000087600000, 0x0000000087700000|  0%| F|  |TAMS 0x0000000087600000| PB 0x0000000087600000| Untracked 
|  41|0x0000000087700000, 0x0000000087700000, 0x0000000087800000|  0%| F|  |TAMS 0x0000000087700000| PB 0x0000000087700000| Untracked 
|  42|0x0000000087800000, 0x0000000087800000, 0x0000000087900000|  0%| F|  |TAMS 0x0000000087800000| PB 0x0000000087800000| Untracked 
|  43|0x0000000087900000, 0x0000000087900000, 0x0000000087a00000|  0%| F|  |TAMS 0x0000000087900000| PB 0x0000000087900000| Untracked 
|  44|0x0000000087a00000, 0x0000000087a00000, 0x0000000087b00000|  0%| F|  |TAMS 0x0000000087a00000| PB 0x0000000087a00000| Untracked 
|  45|0x0000000087b00000, 0x0000000087b00000, 0x0000000087c00000|  0%| F|  |TAMS 0x0000000087b00000| PB 0x0000000087b00000| Untracked 
|  46|0x0000000087c00000, 0x0000000087c00000, 0x0000000087d00000|  0%| F|  |TAMS 0x0000000087c00000| PB 0x0000000087c00000| Untracked 
|  47|0x0000000087d00000, 0x0000000087d00000, 0x0000000087e00000|  0%| F|  |TAMS 0x0000000087d00000| PB 0x0000000087d00000| Untracked 
|  48|0x0000000087e00000, 0x0000000087e00000, 0x0000000087f00000|  0%| F|  |TAMS 0x0000000087e00000| PB 0x0000000087e00000| Untracked 
|  49|0x0000000087f00000, 0x0000000087f00000, 0x0000000088000000|  0%| F|  |TAMS 0x0000000087f00000| PB 0x0000000087f00000| Untracked 
|  50|0x0000000088000000, 0x0000000088000000, 0x0000000088100000|  0%| F|  |TAMS 0x0000000088000000| PB 0x0000000088000000| Untracked 
|  51|0x0000000088100000, 0x0000000088100000, 0x0000000088200000|  0%| F|  |TAMS 0x0000000088100000| PB 0x0000000088100000| Untracked 
|  52|0x0000000088200000, 0x0000000088200000, 0x0000000088300000|  0%| F|  |TAMS 0x0000000088200000| PB 0x0000000088200000| Untracked 
|  53|0x0000000088300000, 0x0000000088300000, 0x0000000088400000|  0%| F|  |TAMS 0x0000000088300000| PB 0x0000000088300000| Untracked 
|  54|0x0000000088400000, 0x0000000088400000, 0x0000000088500000|  0%| F|  |TAMS 0x0000000088400000| PB 0x0000000088400000| Untracked 
|  55|0x0000000088500000, 0x0000000088500000, 0x0000000088600000|  0%| F|  |TAMS 0x0000000088500000| PB 0x0000000088500000| Untracked 
|  56|0x0000000088600000, 0x0000000088600000, 0x0000000088700000|  0%| F|  |TAMS 0x0000000088600000| PB 0x0000000088600000| Untracked 
|  57|0x0000000088700000, 0x0000000088700000, 0x0000000088800000|  0%| F|  |TAMS 0x0000000088700000| PB 0x0000000088700000| Untracked 
|  58|0x0000000088800000, 0x0000000088800000, 0x0000000088900000|  0%| F|  |TAMS 0x0000000088800000| PB 0x0000000088800000| Untracked 
|  59|0x0000000088900000, 0x0000000088900000, 0x0000000088a00000|  0%| F|  |TAMS 0x0000000088900000| PB 0x0000000088900000| Untracked 
|  60|0x0000000088a00000, 0x0000000088a00000, 0x0000000088b00000|  0%| F|  |TAMS 0x0000000088a00000| PB 0x0000000088a00000| Untracked 
|  61|0x0000000088b00000, 0x0000000088b00000, 0x0000000088c00000|  0%| F|  |TAMS 0x0000000088b00000| PB 0x0000000088b00000| Untracked 
|  62|0x0000000088c00000, 0x0000000088c00000, 0x0000000088d00000|  0%| F|  |TAMS 0x0000000088c00000| PB 0x0000000088c00000| Untracked 
|  63|0x0000000088d00000, 0x0000000088d00000, 0x0000000088e00000|  0%| F|  |TAMS 0x0000000088d00000| PB 0x0000000088d00000| Untracked 
|  64|0x0000000088e00000, 0x0000000088e00000, 0x0000000088f00000|  0%| F|  |TAMS 0x0000000088e00000| PB 0x0000000088e00000| Untracked 
|  65|0x0000000088f00000, 0x0000000088f00000, 0x0000000089000000|  0%| F|  |TAMS 0x0000000088f00000| PB 0x0000000088f00000| Untracked 
|  66|0x0000000089000000, 0x0000000089000000, 0x0000000089100000|  0%| F|  |TAMS 0x0000000089000000| PB 0x0000000089000000| Untracked 
|  67|0x0000000089100000, 0x0000000089100000, 0x0000000089200000|  0%| F|  |TAMS 0x0000000089100000| PB 0x0000000089100000| Untracked 
|  68|0x0000000089200000, 0x0000000089200000, 0x0000000089300000|  0%| F|  |TAMS 0x0000000089200000| PB 0x0000000089200000| Untracked 
|  69|0x0000000089300000, 0x0000000089300000, 0x0000000089400000|  0%| F|  |TAMS 0x0000000089300000| PB 0x0000000089300000| Untracked 
|  70|0x0000000089400000, 0x0000000089400000, 0x0000000089500000|  0%| F|  |TAMS 0x0000000089400000| PB 0x0000000089400000| Untracked 
|  71|0x0000000089500000, 0x0000000089500000, 0x0000000089600000|  0%| F|  |TAMS 0x0000000089500000| PB 0x0000000089500000| Untracked 
|  72|0x0000000089600000, 0x0000000089600000, 0x0000000089700000|  0%| F|  |TAMS 0x0000000089600000| PB 0x0000000089600000| Untracked 
|  73|0x0000000089700000, 0x0000000089700000, 0x0000000089800000|  0%| F|  |TAMS 0x0000000089700000| PB 0x0000000089700000| Untracked 
|  74|0x0000000089800000, 0x0000000089800000, 0x0000000089900000|  0%| F|  |TAMS 0x0000000089800000| PB 0x0000000089800000| Untracked 
|  75|0x0000000089900000, 0x0000000089900000, 0x0000000089a00000|  0%| F|  |TAMS 0x0000000089900000| PB 0x0000000089900000| Untracked 
|  76|0x0000000089a00000, 0x0000000089a00000, 0x0000000089b00000|  0%| F|  |TAMS 0x0000000089a00000| PB 0x0000000089a00000| Untracked 
|  77|0x0000000089b00000, 0x0000000089b00000, 0x0000000089c00000|  0%| F|  |TAMS 0x0000000089b00000| PB 0x0000000089b00000| Untracked 
|  78|0x0000000089c00000, 0x0000000089c00000, 0x0000000089d00000|  0%| F|  |TAMS 0x0000000089c00000| PB 0x0000000089c00000| Untracked 
|  79|0x0000000089d00000, 0x0000000089d00000, 0x0000000089e00000|  0%| F|  |TAMS 0x0000000089d00000| PB 0x0000000089d00000| Untracked 
|  80|0x0000000089e00000, 0x0000000089e00000, 0x0000000089f00000|  0%| F|  |TAMS 0x0000000089e00000| PB 0x0000000089e00000| Untracked 
|  81|0x0000000089f00000, 0x0000000089f00000, 0x000000008a000000|  0%| F|  |TAMS 0x0000000089f00000| PB 0x0000000089f00000| Untracked 
|  82|0x000000008a000000, 0x000000008a000000, 0x000000008a100000|  0%| F|  |TAMS 0x000000008a000000| PB 0x000000008a000000| Untracked 
|  83|0x000000008a100000, 0x000000008a100000, 0x000000008a200000|  0%| F|  |TAMS 0x000000008a100000| PB 0x000000008a100000| Untracked 
|  84|0x000000008a200000, 0x000000008a200000, 0x000000008a300000|  0%| F|  |TAMS 0x000000008a200000| PB 0x000000008a200000| Untracked 
|  85|0x000000008a300000, 0x000000008a300000, 0x000000008a400000|  0%| F|  |TAMS 0x000000008a300000| PB 0x000000008a300000| Untracked 
|  86|0x000000008a400000, 0x000000008a400000, 0x000000008a500000|  0%| F|  |TAMS 0x000000008a400000| PB 0x000000008a400000| Untracked 
|  87|0x000000008a500000, 0x000000008a500000, 0x000000008a600000|  0%| F|  |TAMS 0x000000008a500000| PB 0x000000008a500000| Untracked 
|  88|0x000000008a600000, 0x000000008a600000, 0x000000008a700000|  0%| F|  |TAMS 0x000000008a600000| PB 0x000000008a600000| Untracked 
|  89|0x000000008a700000, 0x000000008a700000, 0x000000008a800000|  0%| F|  |TAMS 0x000000008a700000| PB 0x000000008a700000| Untracked 
|  90|0x000000008a800000, 0x000000008a8a9228, 0x000000008a900000| 66%| S|CS|TAMS 0x000000008a800000| PB 0x000000008a800000| Complete 
|  91|0x000000008a900000, 0x000000008aa00000, 0x000000008aa00000|100%| S|CS|TAMS 0x000000008a900000| PB 0x000000008a900000| Complete 
|  92|0x000000008aa00000, 0x000000008ab00000, 0x000000008ab00000|100%| S|CS|TAMS 0x000000008aa00000| PB 0x000000008aa00000| Complete 
|  93|0x000000008ab00000, 0x000000008ab00000, 0x000000008ac00000|  0%| F|  |TAMS 0x000000008ab00000| PB 0x000000008ab00000| Untracked 
|  94|0x000000008ac00000, 0x000000008ac00000, 0x000000008ad00000|  0%| F|  |TAMS 0x000000008ac00000| PB 0x000000008ac00000| Untracked 
|  95|0x000000008ad00000, 0x000000008ad00000, 0x000000008ae00000|  0%| F|  |TAMS 0x000000008ad00000| PB 0x000000008ad00000| Untracked 
|  96|0x000000008ae00000, 0x000000008ae00000, 0x000000008af00000|  0%| F|  |TAMS 0x000000008ae00000| PB 0x000000008ae00000| Untracked 
|  97|0x000000008af00000, 0x000000008af00000, 0x000000008b000000|  0%| F|  |TAMS 0x000000008af00000| PB 0x000000008af00000| Untracked 
|  98|0x000000008b000000, 0x000000008b000000, 0x000000008b100000|  0%| F|  |TAMS 0x000000008b000000| PB 0x000000008b000000| Untracked 
|  99|0x000000008b100000, 0x000000008b100000, 0x000000008b200000|  0%| F|  |TAMS 0x000000008b100000| PB 0x000000008b100000| Untracked 
| 100|0x000000008b200000, 0x000000008b200000, 0x000000008b300000|  0%| F|  |TAMS 0x000000008b200000| PB 0x000000008b200000| Untracked 
| 101|0x000000008b300000, 0x000000008b300000, 0x000000008b400000|  0%| F|  |TAMS 0x000000008b300000| PB 0x000000008b300000| Untracked 
| 102|0x000000008b400000, 0x000000008b400000, 0x000000008b500000|  0%| F|  |TAMS 0x000000008b400000| PB 0x000000008b400000| Untracked 
| 103|0x000000008b500000, 0x000000008b500000, 0x000000008b600000|  0%| F|  |TAMS 0x000000008b500000| PB 0x000000008b500000| Untracked 
| 104|0x000000008b600000, 0x000000008b600000, 0x000000008b700000|  0%| F|  |TAMS 0x000000008b600000| PB 0x000000008b600000| Untracked 
| 105|0x000000008b700000, 0x000000008b700000, 0x000000008b800000|  0%| F|  |TAMS 0x000000008b700000| PB 0x000000008b700000| Untracked 
| 106|0x000000008b800000, 0x000000008b800000, 0x000000008b900000|  0%| F|  |TAMS 0x000000008b800000| PB 0x000000008b800000| Untracked 
| 107|0x000000008b900000, 0x000000008b900000, 0x000000008ba00000|  0%| F|  |TAMS 0x000000008b900000| PB 0x000000008b900000| Untracked 
| 108|0x000000008ba00000, 0x000000008ba00000, 0x000000008bb00000|  0%| F|  |TAMS 0x000000008ba00000| PB 0x000000008ba00000| Untracked 
| 109|0x000000008bb00000, 0x000000008bb00000, 0x000000008bc00000|  0%| F|  |TAMS 0x000000008bb00000| PB 0x000000008bb00000| Untracked 
| 110|0x000000008bc00000, 0x000000008bcb7260, 0x000000008bd00000| 71%| E|  |TAMS 0x000000008bc00000| PB 0x000000008bc00000| Complete 
| 111|0x000000008bd00000, 0x000000008be00000, 0x000000008be00000|100%| E|CS|TAMS 0x000000008bd00000| PB 0x000000008bd00000| Complete 
| 112|0x000000008be00000, 0x000000008bf00000, 0x000000008bf00000|100%| E|CS|TAMS 0x000000008be00000| PB 0x000000008be00000| Complete 
| 113|0x000000008bf00000, 0x000000008c000000, 0x000000008c000000|100%| E|CS|TAMS 0x000000008bf00000| PB 0x000000008bf00000| Complete 
| 114|0x000000008c000000, 0x000000008c100000, 0x000000008c100000|100%| E|CS|TAMS 0x000000008c000000| PB 0x000000008c000000| Complete 
| 115|0x000000008c100000, 0x000000008c200000, 0x000000008c200000|100%| E|CS|TAMS 0x000000008c100000| PB 0x000000008c100000| Complete 
| 116|0x000000008c200000, 0x000000008c300000, 0x000000008c300000|100%| E|CS|TAMS 0x000000008c200000| PB 0x000000008c200000| Complete 
| 117|0x000000008c300000, 0x000000008c400000, 0x000000008c400000|100%| E|CS|TAMS 0x000000008c300000| PB 0x000000008c300000| Complete 
| 118|0x000000008c400000, 0x000000008c500000, 0x000000008c500000|100%| E|CS|TAMS 0x000000008c400000| PB 0x000000008c400000| Complete 
| 119|0x000000008c500000, 0x000000008c600000, 0x000000008c600000|100%| E|CS|TAMS 0x000000008c500000| PB 0x000000008c500000| Complete 
| 120|0x000000008c600000, 0x000000008c700000, 0x000000008c700000|100%| E|CS|TAMS 0x000000008c600000| PB 0x000000008c600000| Complete 
| 121|0x000000008c700000, 0x000000008c800000, 0x000000008c800000|100%| E|CS|TAMS 0x000000008c700000| PB 0x000000008c700000| Complete 
| 122|0x000000008c800000, 0x000000008c900000, 0x000000008c900000|100%| E|CS|TAMS 0x000000008c800000| PB 0x000000008c800000| Complete 
| 123|0x000000008c900000, 0x000000008ca00000, 0x000000008ca00000|100%| E|CS|TAMS 0x000000008c900000| PB 0x000000008c900000| Complete 

Card table byte_map: [0x000001f3f92a0000,0x000001f3f9680000] _byte_map_base: 0x000001f3f8e79000

Marking Bits: (CMBitMap*) 0x000001f3f890f0c0
 Bits: [0x000001f3f9680000, 0x000001f3fb548000)

Polling page: 0x000001f3f66d0000

Metaspace:

Usage:
  Non-class:     15.63 MB used.
      Class:      2.18 MB used.
       Both:     17.81 MB used.

Virtual space:
  Non-class space:       64.00 MB reserved,      15.81 MB ( 25%) committed,  1 nodes.
      Class space:        1.00 GB reserved,       2.38 MB ( <1%) committed,  1 nodes.
             Both:        1.06 GB reserved,      18.19 MB (  2%) committed. 

Chunk freelists:
   Non-Class:  15.89 MB
       Class:  13.52 MB
        Both:  29.41 MB

MaxMetaspaceSize: unlimited
CompressedClassSpaceSize: 1.00 GB
Initial GC threshold: 21.00 MB
Current GC threshold: 21.00 MB
CDS: on
 - commit_granule_bytes: 65536.
 - commit_granule_words: 8192.
 - virtual_space_node_default_size: 8388608.
 - enlarge_chunks_in_place: 1.
 - use_allocation_guard: 0.


Internal statistics:

num_allocs_failed_limit: 0.
num_arena_births: 454.
num_arena_deaths: 0.
num_vsnodes_births: 2.
num_vsnodes_deaths: 0.
num_space_committed: 291.
num_space_uncommitted: 0.
num_chunks_returned_to_freelist: 0.
num_chunks_taken_from_freelist: 1097.
num_chunk_merges: 0.
num_chunk_splits: 722.
num_chunks_enlarged: 489.
num_inconsistent_stats: 0.

CodeHeap 'non-profiled nmethods': size=120000Kb used=787Kb max_used=787Kb free=119213Kb
 bounds [0x000001f3900f0000, 0x000001f390360000, 0x000001f397620000]
CodeHeap 'profiled nmethods': size=120000Kb used=4212Kb max_used=4212Kb free=115787Kb
 bounds [0x000001f388620000, 0x000001f388a40000, 0x000001f38fb50000]
CodeHeap 'non-nmethods': size=5760Kb used=1446Kb max_used=1461Kb free=4314Kb
 bounds [0x000001f38fb50000, 0x000001f38fdc0000, 0x000001f3900f0000]
 total_blobs=2800 nmethods=2270 adapters=434
 compilation: enabled
              stopped_count=0, restarted_count=0
 full_count=0

Compilation events (20 events):
Event: 6.793 Thread 0x000001f3fe1ec160 2227       3       jdk.internal.reflect.ReflectionFactory::config (28 bytes)
Event: 6.794 Thread 0x000001f3fe1ec160 nmethod 2227 0x000001f388a1c290 code [0x000001f388a1c420, 0x000001f388a1c528]
Event: 6.795 Thread 0x000001f3fe1edca0 nmethod 2124 0x000001f3901aff90 code [0x000001f3901b0160, 0x000001f3901b0500]
Event: 6.796 Thread 0x000001f3fe1edca0 2143       4       java.util.HashMap::resize (356 bytes)
Event: 6.802 Thread 0x000001f3fe1ec160 2228       3       java.lang.invoke.MethodHandles$Lookup::maybeBindCaller (72 bytes)
Event: 6.803 Thread 0x000001f3fe1ec160 nmethod 2228 0x000001f388a1c590 code [0x000001f388a1c7c0, 0x000001f388a1cf40]
Event: 6.803 Thread 0x000001f3fe1ec160 2229       3       java.lang.Class::newReflectionData (66 bytes)
Event: 6.804 Thread 0x000001f3fe1ec160 nmethod 2229 0x000001f388a1d210 code [0x000001f388a1d440, 0x000001f388a1dd10]
Event: 6.804 Thread 0x000001f3fe1ec160 2230       3       java.lang.invoke.MethodHandles$Lookup::checkMethod (87 bytes)
Event: 6.805 Thread 0x000001f3fe1ec160 nmethod 2230 0x000001f388a1e010 code [0x000001f388a1e220, 0x000001f388a1e878]
Event: 6.809 Thread 0x000001f3fe1ec160 2231       1       java.lang.reflect.AccessibleObject::isAccessible (5 bytes)
Event: 6.809 Thread 0x000001f3fe1ec160 nmethod 2231 0x000001f3901b0890 code [0x000001f3901b0a20, 0x000001f3901b0af0]
Event: 6.811 Thread 0x000001f3fe1ec160 2232       3       java.util.HashMap$EntrySet::iterator (12 bytes)
Event: 6.811 Thread 0x000001f3fe1ec160 nmethod 2232 0x000001f388a1ea90 code [0x000001f388a1ec40, 0x000001f388a1ee48]
Event: 6.812 Thread 0x000001f3fe1ec160 2233       3       java.util.HashMap$EntryIterator::<init> (6 bytes)
Event: 6.812 Thread 0x000001f3fe1ec160 nmethod 2233 0x000001f388a1ef10 code [0x000001f388a1f0c0, 0x000001f388a1f1f8]
Event: 6.813 Thread 0x000001f3fe1ec160 2234       3       java.util.HashMap::entrySet (27 bytes)
Event: 6.813 Thread 0x000001f3fe1ec160 nmethod 2234 0x000001f388a1f290 code [0x000001f388a1f460, 0x000001f388a1f860]
Event: 6.814 Thread 0x000001f3fe1ec160 2235       3       java.io.WinNTFileSystem::normalizePrefix (132 bytes)
Event: 11.834 Thread 0x000001f3fe1ec160 nmethod 2235 0x000001f388a1f990 code [0x000001f388a1fda0, 0x000001f388a21d48]

GC Heap History (4 events):
Event: 2.778 GC heap before
{Heap before GC invocations=0 (full 0):
 garbage-first heap   total 126976K, used 24576K [0x0000000084e00000, 0x0000000100000000)
  region size 1024K, 23 young (23552K), 0 survivors (0K)
 Metaspace       used 7209K, committed 7424K, reserved 1114112K
  class space    used 832K, committed 960K, reserved 1048576K
}
Event: 2.800 GC heap after
{Heap after GC invocations=1 (full 0):
 garbage-first heap   total 126976K, used 7568K [0x0000000084e00000, 0x0000000100000000)
  region size 1024K, 3 young (3072K), 3 survivors (3072K)
 Metaspace       used 7209K, committed 7424K, reserved 1114112K
  class space    used 832K, committed 960K, reserved 1048576K
}
Event: 6.427 GC heap before
{Heap before GC invocations=1 (full 0):
 garbage-first heap   total 126976K, used 35216K [0x0000000084e00000, 0x0000000100000000)
  region size 1024K, 31 young (31744K), 3 survivors (3072K)
 Metaspace       used 14572K, committed 14976K, reserved 1114112K
  class space    used 1794K, committed 1984K, reserved 1048576K
}
Event: 6.435 GC heap after
{Heap after GC invocations=2 (full 0):
 garbage-first heap   total 126976K, used 10489K [0x0000000084e00000, 0x0000000100000000)
  region size 1024K, 3 young (3072K), 3 survivors (3072K)
 Metaspace       used 14572K, committed 14976K, reserved 1114112K
  class space    used 1794K, committed 1984K, reserved 1048576K
}

Dll operation events (10 events):
Event: 0.029 Loaded shared library C:\Users\joaov\.jdks\corretto-21.0.6\bin\java.dll
Event: 0.103 Loaded shared library C:\Users\joaov\.jdks\corretto-21.0.6\bin\jsvml.dll
Event: 0.276 Loaded shared library C:\Users\joaov\.jdks\corretto-21.0.6\bin\zip.dll
Event: 0.287 Loaded shared library C:\Users\joaov\.jdks\corretto-21.0.6\bin\instrument.dll
Event: 0.303 Loaded shared library C:\Users\joaov\.jdks\corretto-21.0.6\bin\net.dll
Event: 0.309 Loaded shared library C:\Users\joaov\.jdks\corretto-21.0.6\bin\nio.dll
Event: 0.319 Loaded shared library C:\Users\joaov\.jdks\corretto-21.0.6\bin\zip.dll
Event: 0.604 Loaded shared library C:\Users\joaov\.jdks\corretto-21.0.6\bin\extnet.dll
Event: 0.694 Loaded shared library C:\Users\joaov\.jdks\corretto-21.0.6\bin\jimage.dll
Event: 6.808 Loaded shared library C:\Users\joaov\.jdks\corretto-21.0.6\bin\sunmscapi.dll

Deoptimization events (20 events):
Event: 6.603 Thread 0x000001f3f644b9a0 Uncommon trap: trap_request=0xffffffde fr.pc=0x000001f39018ec68 relative=0x00000000000006a8
Event: 6.603 Thread 0x000001f3f644b9a0 Uncommon trap: reason=class_check action=maybe_recompile pc=0x000001f39018ec68 method=java.util.regex.Matcher.search(I)Z @ 121 c2
Event: 6.603 Thread 0x000001f3f644b9a0 DEOPT PACKING pc=0x000001f39018ec68 sp=0x000000dcf40fdbf0
Event: 6.603 Thread 0x000001f3f644b9a0 DEOPT UNPACKING pc=0x000001f38fba46a2 sp=0x000000dcf40fdbc0 mode 2
Event: 6.603 Thread 0x000001f3fe1c7c10 Uncommon trap: trap_request=0xffffff45 fr.pc=0x000001f39018a49c relative=0x000000000000013c
Event: 6.603 Thread 0x000001f3fe1c7c10 Uncommon trap: reason=unstable_if action=reinterpret pc=0x000001f39018a49c method=java.util.regex.Pattern$BmpCharPropertyGreedy.match(Ljava/util/regex/Matcher;ILjava/lang/CharSequence;)Z @ 12 c2
Event: 6.604 Thread 0x000001f3fe1c7c10 DEOPT PACKING pc=0x000001f39018a49c sp=0x000000dcf59fdd50
Event: 6.604 Thread 0x000001f3fe1c7c10 DEOPT UNPACKING pc=0x000001f38fba46a2 sp=0x000000dcf59fdce8 mode 2
Event: 6.672 Thread 0x000001f3f644b9a0 Uncommon trap: trap_request=0xffffff45 fr.pc=0x000001f3901a7608 relative=0x00000000000000e8
Event: 6.672 Thread 0x000001f3f644b9a0 Uncommon trap: reason=unstable_if action=reinterpret pc=0x000001f3901a7608 method=java.util.Arrays.equals([Ljava/lang/Object;[Ljava/lang/Object;)Z @ 44 c2
Event: 6.672 Thread 0x000001f3f644b9a0 DEOPT PACKING pc=0x000001f3901a7608 sp=0x000000dcf40fd900
Event: 6.672 Thread 0x000001f3f644b9a0 DEOPT UNPACKING pc=0x000001f38fba46a2 sp=0x000000dcf40fd8a0 mode 2
Event: 6.685 Thread 0x000001f3fe1c7c10 Uncommon trap: trap_request=0xffffff45 fr.pc=0x000001f390180004 relative=0x00000000000004c4
Event: 6.685 Thread 0x000001f3fe1c7c10 Uncommon trap: reason=unstable_if action=reinterpret pc=0x000001f390180004 method=java.lang.AbstractStringBuilder.isLatin1()Z @ 10 c2
Event: 6.685 Thread 0x000001f3fe1c7c10 DEOPT PACKING pc=0x000001f390180004 sp=0x000000dcf59fdbf0
Event: 6.685 Thread 0x000001f3fe1c7c10 DEOPT UNPACKING pc=0x000001f38fba46a2 sp=0x000000dcf59fdb40 mode 2
Event: 6.693 Thread 0x000001f3f644b9a0 Uncommon trap: trap_request=0xffffff45 fr.pc=0x000001f3901921d0 relative=0x0000000000000830
Event: 6.693 Thread 0x000001f3f644b9a0 Uncommon trap: reason=unstable_if action=reinterpret pc=0x000001f3901921d0 method=jdk.internal.org.objectweb.asm.SymbolTable.put(Ljdk/internal/org/objectweb/asm/SymbolTable$Entry;)Ljdk/internal/org/objectweb/asm/SymbolTable$Entry; @ 13 c2
Event: 6.693 Thread 0x000001f3f644b9a0 DEOPT PACKING pc=0x000001f3901921d0 sp=0x000000dcf40fcfc0
Event: 6.693 Thread 0x000001f3f644b9a0 DEOPT UNPACKING pc=0x000001f38fba46a2 sp=0x000000dcf40fcee0 mode 2

Classes loaded (20 events):
Event: 6.771 Loading class sun/security/rsa/SunRsaSignEntries
Event: 6.771 Loading class sun/security/rsa/SunRsaSignEntries done
Event: 6.772 Loading class sun/security/jca/ProviderConfig$3
Event: 6.773 Loading class sun/security/jca/ProviderConfig$3 done
Event: 6.773 Loading class sun/security/jca/ProviderConfig$ProviderLoader
Event: 6.773 Loading class sun/security/jca/ProviderConfig$ProviderLoader done
Event: 6.775 Loading class java/security/AuthProvider
Event: 6.776 Loading class java/security/AuthProvider done
Event: 6.777 Loading class java/security/ProviderException
Event: 6.777 Loading class java/security/ProviderException done
Event: 6.777 Loading class java/security/PrivilegedActionException
Event: 6.777 Loading class java/security/PrivilegedActionException done
Event: 6.778 Loading class java/security/InvalidParameterException
Event: 6.778 Loading class java/security/InvalidParameterException done
Event: 6.778 Loading class javax/security/auth/login/FailedLoginException
Event: 6.778 Loading class javax/security/auth/login/FailedLoginException done
Event: 6.779 Loading class javax/security/auth/callback/CallbackHandler
Event: 6.779 Loading class javax/security/auth/callback/CallbackHandler done
Event: 6.779 Loading class javax/security/auth/Subject
Event: 6.780 Loading class javax/security/auth/Subject done

Classes unloaded (0 events):
No events

Classes redefined (0 events):
No events

Internal exceptions (20 events):
Event: 3.196 Thread 0x000001f3f644b9a0 Exception <a 'java/lang/NoSuchMethodError'{0x000000008c58b478}: 'java.lang.Object java.lang.invoke.DirectMethodHandle$Holder.newInvokeSpecial(java.lang.Object, java.lang.Object, java.lang.Object, int, java.lang.Object)'> (0x000000008c58b478) 
thrown [s\src\hotspot\share\interpreter\linkResolver.cpp, line 773]
Event: 3.197 Thread 0x000001f3f644b9a0 Exception <a 'java/lang/NoSuchMethodError'{0x000000008c592a40}: 'java.lang.Object java.lang.invoke.Invokers$Holder.linkToTargetMethod(java.lang.Object, java.lang.Object, int, java.lang.Object, java.lang.Object)'> (0x000000008c592a40) 
thrown [s\src\hotspot\share\interpreter\linkResolver.cpp, line 773]
Event: 3.203 Thread 0x000001f3f644b9a0 Exception <a 'java/lang/NoSuchMethodError'{0x000000008c5a11f0}: 'java.lang.Object java.lang.invoke.DirectMethodHandle$Holder.newInvokeSpecial(java.lang.Object, int, java.lang.Object)'> (0x000000008c5a11f0) 
thrown [s\src\hotspot\share\interpreter\linkResolver.cpp, line 773]
Event: 3.204 Thread 0x000001f3f644b9a0 Exception <a 'java/lang/NoSuchMethodError'{0x000000008c5a5a30}: 'int java.lang.invoke.DirectMethodHandle$Holder.invokeSpecialIFC(java.lang.Object, java.lang.Object, java.lang.Object, java.lang.Object)'> (0x000000008c5a5a30) 
thrown [s\src\hotspot\share\interpreter\linkResolver.cpp, line 773]
Event: 3.270 Thread 0x000001f3f644b9a0 Exception <a 'java/lang/NoSuchMethodError'{0x000000008c442f28}: 'void java.lang.invoke.DirectMethodHandle$Holder.invokeInterface(java.lang.Object, java.lang.Object, java.lang.Object)'> (0x000000008c442f28) 
thrown [s\src\hotspot\share\interpreter\linkResolver.cpp, line 773]
Event: 3.344 Thread 0x000001f3f644b9a0 Exception <a 'java/lang/NoSuchMethodError'{0x000000008c4bb2b0}: 'void java.lang.invoke.DirectMethodHandle$Holder.invokeStaticInit(java.lang.Object, java.lang.Object, java.lang.Object)'> (0x000000008c4bb2b0) 
thrown [s\src\hotspot\share\interpreter\linkResolver.cpp, line 773]
Event: 3.371 Thread 0x000001f3f644b9a0 Exception <a 'java/lang/NoSuchMethodError'{0x000000008c304700}: 'java.lang.Object java.lang.invoke.DirectMethodHandle$Holder.invokeVirtual(java.lang.Object, java.lang.Object, java.lang.Object)'> (0x000000008c304700) 
thrown [s\src\hotspot\share\interpreter\linkResolver.cpp, line 773]
Event: 3.389 Thread 0x000001f3f644b9a0 Exception <a 'java/lang/NoSuchMethodError'{0x000000008c326260}: 'java.lang.Object java.lang.invoke.DirectMethodHandle$Holder.invokeStaticInit(java.lang.Object, int)'> (0x000000008c326260) 
thrown [s\src\hotspot\share\interpreter\linkResolver.cpp, line 773]
Event: 3.396 Thread 0x000001f3f644b9a0 Exception <a 'java/lang/NoSuchMethodError'{0x000000008c3306a8}: 'java.lang.Object java.lang.invoke.DirectMethodHandle$Holder.invokeStaticInit(java.lang.Object, int, java.lang.Object)'> (0x000000008c3306a8) 
thrown [s\src\hotspot\share\interpreter\linkResolver.cpp, line 773]
Event: 3.469 Thread 0x000001f3f644b9a0 Exception <a 'java/lang/NoSuchMethodError'{0x000000008c3d3530}: 'void java.lang.invoke.DirectMethodHandle$Holder.invokeVirtual(java.lang.Object, java.lang.Object, java.lang.Object, java.lang.Object)'> (0x000000008c3d3530) 
thrown [s\src\hotspot\share\interpreter\linkResolver.cpp, line 773]
Event: 3.757 Thread 0x000001f3f644b9a0 Exception <a 'java/lang/NoSuchMethodError'{0x000000008c038e08}: 'java.lang.Object java.lang.invoke.Invokers$Holder.invoke_MT(java.lang.Object, java.lang.Object, java.lang.Object, java.lang.Object, java.lang.Object, java.lang.Object, java.lang.Object, java.lang.Object, java.lang.Object)'> (0x000000008c038e08) 
thrown [s\src\hotspot\share\interpreter\linkResolver.cpp, line 773]
Event: 3.773 Thread 0x000001f3f644b9a0 Exception <a 'java/lang/NoSuchMethodError'{0x000000008c0e23d8}: 'java.lang.reflect.Field[] java.lang.Class.getDeclaredFields(java.lang.Class)'> (0x000000008c0e23d8) 
thrown [s\src\hotspot\share\interpreter\linkResolver.cpp, line 773]
Event: 3.807 Thread 0x000001f3f644b9a0 Exception <a 'java/lang/IncompatibleClassChangeError'{0x000000008bf63188}: Found class java.lang.Object, but interface was expected> (0x000000008bf63188) 
thrown [s\src\hotspot\share\interpreter\linkResolver.cpp, line 840]
Event: 6.493 Thread 0x000001f3fe1c7c10 Exception <a 'java/lang/NoSuchMethodError'{0x000000008c6085d0}: 'long java.lang.invoke.DirectMethodHandle$Holder.invokeSpecial(java.lang.Object, java.lang.Object)'> (0x000000008c6085d0) 
thrown [s\src\hotspot\share\interpreter\linkResolver.cpp, line 773]
Event: 6.497 Thread 0x000001f3fe1c7c10 Exception <a 'java/lang/NoSuchMethodError'{0x000000008c6122b8}: 'long java.lang.invoke.DirectMethodHandle$Holder.invokeStatic(java.lang.Object, java.lang.Object)'> (0x000000008c6122b8) 
thrown [s\src\hotspot\share\interpreter\linkResolver.cpp, line 773]
Event: 6.497 Thread 0x000001f3fe1c7c10 Exception <a 'java/lang/NoSuchMethodError'{0x000000008c6153b0}: 'long java.lang.invoke.DirectMethodHandle$Holder.invokeStaticInit(java.lang.Object, java.lang.Object)'> (0x000000008c6153b0) 
thrown [s\src\hotspot\share\interpreter\linkResolver.cpp, line 773]
Event: 6.501 Thread 0x000001f3fe1c7c10 Exception <a 'java/lang/NoSuchMethodError'{0x000000008c621570}: 'long java.lang.invoke.DirectMethodHandle$Holder.invokeInterface(java.lang.Object, java.lang.Object)'> (0x000000008c621570) 
thrown [s\src\hotspot\share\interpreter\linkResolver.cpp, line 773]
Event: 6.502 Thread 0x000001f3fe1c7c10 Exception <a 'java/lang/IncompatibleClassChangeError'{0x000000008c624590}: Found class java.lang.Object, but interface was expected> (0x000000008c624590) 
thrown [s\src\hotspot\share\interpreter\linkResolver.cpp, line 840]
Event: 6.589 Thread 0x000001f3f644b9a0 Exception <a 'java/lang/NoSuchMethodError'{0x000000008c3777a8}: 'int java.lang.invoke.DirectMethodHandle$Holder.invokeSpecial(java.lang.Object, java.lang.Object, java.lang.Object, java.lang.Object, java.lang.Object)'> (0x000000008c3777a8) 
thrown [s\src\hotspot\share\interpreter\linkResolver.cpp, line 773]
Event: 6.593 Thread 0x000001f3f644b9a0 Exception <a 'java/lang/NoSuchMethodError'{0x000000008c37fc50}: 'void java.lang.invoke.DirectMethodHandle$Holder.invokeVirtual(java.lang.Object, java.lang.Object)'> (0x000000008c37fc50) 
thrown [s\src\hotspot\share\interpreter\linkResolver.cpp, line 773]

ZGC Phase Switch (0 events):
No events

VM Operations (20 events):
Event: 3.704 Executing VM operation: HandshakeAllThreads (Deoptimize)
Event: 3.704 Executing VM operation: HandshakeAllThreads (Deoptimize) done
Event: 3.716 Executing VM operation: HandshakeAllThreads (Deoptimize)
Event: 3.716 Executing VM operation: HandshakeAllThreads (Deoptimize) done
Event: 3.717 Executing VM operation: HandshakeAllThreads (Deoptimize)
Event: 3.717 Executing VM operation: HandshakeAllThreads (Deoptimize) done
Event: 3.773 Executing VM operation: ICBufferFull
Event: 3.774 Executing VM operation: ICBufferFull done
Event: 4.179 Executing VM operation: HandshakeAllThreads (Deoptimize)
Event: 4.179 Executing VM operation: HandshakeAllThreads (Deoptimize) done
Event: 5.190 Executing VM operation: Cleanup
Event: 5.190 Executing VM operation: Cleanup done
Event: 6.427 Executing VM operation: G1CollectForAllocation (G1 Evacuation Pause)
Event: 6.435 Executing VM operation: G1CollectForAllocation (G1 Evacuation Pause) done
Event: 6.552 Executing VM operation: HandshakeAllThreads (Deoptimize)
Event: 6.552 Executing VM operation: HandshakeAllThreads (Deoptimize) done
Event: 6.707 Executing VM operation: HandshakeAllThreads (Deoptimize)
Event: 6.707 Executing VM operation: HandshakeAllThreads (Deoptimize) done
Event: 7.719 Executing VM operation: Cleanup
Event: 7.831 Executing VM operation: Cleanup done

Memory protections (0 events):
No events

Nmethod flushes (0 events):
No events

Events (19 events):
Event: 0.064 Thread 0x000001f3f644b9a0 Thread added: 0x000001f3f644b9a0
Event: 0.097 Thread 0x000001f3f644b9a0 Thread added: 0x000001f3fe1bcea0
Event: 0.097 Thread 0x000001f3f644b9a0 Thread added: 0x000001f3fe1c3910
Event: 0.097 Thread 0x000001f3f644b9a0 Thread added: 0x000001f3fe1c8930
Event: 0.098 Thread 0x000001f3f644b9a0 Thread added: 0x000001f3fe1ca370
Event: 0.098 Thread 0x000001f3f644b9a0 Thread added: 0x000001f3fe1c7580
Event: 0.098 Thread 0x000001f3f644b9a0 Thread added: 0x000001f3fe1c9ce0
Event: 0.098 Thread 0x000001f3f644b9a0 Thread added: 0x000001f3fe1dd920
Event: 0.098 Thread 0x000001f3f644b9a0 Thread added: 0x000001f3fe1ec160
Event: 0.223 Thread 0x000001f3f644b9a0 Thread added: 0x000001f3fe1c8fc0
Event: 0.424 Thread 0x000001f3fe1ec160 Thread added: 0x000001f3fe1ef110
Event: 0.574 Thread 0x000001f3f644b9a0 Thread added: 0x000001f3fe1c9650
Event: 0.575 Thread 0x000001f3f644b9a0 Thread added: 0x000001f3fe1caa00
Event: 0.647 Thread 0x000001f3fe1ef110 Thread exited: 0x000001f3fe1ef110
Event: 3.480 Thread 0x000001f3fe1ec160 Thread added: 0x000001f3fe1eba90
Event: 3.595 Thread 0x000001f3fe1eba90 Thread exited: 0x000001f3fe1eba90
Event: 3.750 Thread 0x000001f3f644b9a0 Thread added: 0x000001f3fe1c7c10
Event: 4.115 Thread 0x000001f3fe1ec160 Thread added: 0x000001f3fe1ee370
Event: 6.777 Thread 0x000001f3fe1ec160 Thread added: 0x000001f3fe1edca0


Dynamic libraries:
0x00007ff6ed980000 - 0x00007ff6ed98e000 	C:\Users\joaov\.jdks\corretto-21.0.6\bin\java.exe
0x00007ff961680000 - 0x00007ff9618e7000 	C:\WINDOWS\SYSTEM32\ntdll.dll
0x00007ff9089f0000 - 0x00007ff908a10000 	C:\Program Files\Avast Software\Avast\aswhook.dll
0x00007ff960540000 - 0x00007ff960609000 	C:\WINDOWS\System32\KERNEL32.DLL
0x00007ff95eeb0000 - 0x00007ff95f29f000 	C:\WINDOWS\System32\KERNELBASE.dll
0x00007ff95ecb0000 - 0x00007ff95edfb000 	C:\WINDOWS\System32\ucrtbase.dll
0x00007ff958cb0000 - 0x00007ff958cc8000 	C:\Users\joaov\.jdks\corretto-21.0.6\bin\jli.dll
0x00007ff958dc0000 - 0x00007ff958ddb000 	C:\Users\joaov\.jdks\corretto-21.0.6\bin\VCRUNTIME140.dll
0x00007ff95f420000 - 0x00007ff95f5e5000 	C:\WINDOWS\System32\USER32.dll
0x00007ff938e10000 - 0x00007ff9390a3000 	C:\WINDOWS\WinSxS\amd64_microsoft.windows.common-controls_6595b64144ccf1df_6.0.26100.7309_none_3e05feeae336a044\COMCTL32.dll
0x00007ff95e900000 - 0x00007ff95e927000 	C:\WINDOWS\System32\win32u.dll
0x00007ff9612d0000 - 0x00007ff961379000 	C:\WINDOWS\System32\msvcrt.dll
0x00007ff9609e0000 - 0x00007ff960a0b000 	C:\WINDOWS\System32\GDI32.dll
0x00007ff95e7d0000 - 0x00007ff95e8fc000 	C:\WINDOWS\System32\gdi32full.dll
0x00007ff95f2b0000 - 0x00007ff95f353000 	C:\WINDOWS\System32\msvcp_win.dll
0x00007ff960290000 - 0x00007ff9602c1000 	C:\WINDOWS\System32\IMM32.DLL
0x00007ff943670000 - 0x00007ff94367c000 	C:\Users\joaov\.jdks\corretto-21.0.6\bin\vcruntime140_1.dll
0x00007ff910c70000 - 0x00007ff910cfd000 	C:\Users\joaov\.jdks\corretto-21.0.6\bin\msvcp140.dll
0x00007ff882430000 - 0x00007ff8831cf000 	C:\Users\joaov\.jdks\corretto-21.0.6\bin\server\jvm.dll
0x00007ff95f600000 - 0x00007ff95f6b4000 	C:\WINDOWS\System32\ADVAPI32.dll
0x00007ff9607c0000 - 0x00007ff960866000 	C:\WINDOWS\System32\sechost.dll
0x00007ff960aa0000 - 0x00007ff960bb8000 	C:\WINDOWS\System32\RPCRT4.dll
0x00007ff961380000 - 0x00007ff9613f4000 	C:\WINDOWS\System32\WS2_32.dll
0x00007ff95e620000 - 0x00007ff95e67e000 	C:\WINDOWS\SYSTEM32\POWRPROF.dll
0x00007ff959220000 - 0x00007ff959255000 	C:\WINDOWS\SYSTEM32\WINMM.dll
0x00007ff94ace0000 - 0x00007ff94aceb000 	C:\WINDOWS\SYSTEM32\VERSION.dll
0x00007ff95e600000 - 0x00007ff95e614000 	C:\WINDOWS\SYSTEM32\UMPDC.dll
0x00007ff95d580000 - 0x00007ff95d59b000 	C:\WINDOWS\SYSTEM32\kernel.appcore.dll
0x00007ff943660000 - 0x00007ff94366a000 	C:\Users\joaov\.jdks\corretto-21.0.6\bin\jimage.dll
0x00007ff95be00000 - 0x00007ff95c042000 	C:\WINDOWS\SYSTEM32\DBGHELP.DLL
0x00007ff95fea0000 - 0x00007ff960225000 	C:\WINDOWS\System32\combase.dll
0x00007ff9610d0000 - 0x00007ff9611a6000 	C:\WINDOWS\System32\OLEAUT32.dll
0x00007ff94aae0000 - 0x00007ff94ab1c000 	C:\WINDOWS\SYSTEM32\dbgcore.DLL
0x00007ff95ee00000 - 0x00007ff95eea5000 	C:\WINDOWS\System32\bcryptPrimitives.dll
0x00007ff942690000 - 0x00007ff94269e000 	C:\Users\joaov\.jdks\corretto-21.0.6\bin\instrument.dll
0x00007ff931c90000 - 0x00007ff931caf000 	C:\Users\joaov\.jdks\corretto-21.0.6\bin\java.dll
0x00007ff95f6f0000 - 0x00007ff95fe43000 	C:\WINDOWS\System32\SHELL32.dll
0x00007ff95e930000 - 0x00007ff95ea9a000 	C:\WINDOWS\System32\wintypes.dll
0x00007ff95c3b0000 - 0x00007ff95cc0e000 	C:\WINDOWS\SYSTEM32\windows.storage.dll
0x00007ff9611b0000 - 0x00007ff9612a5000 	C:\WINDOWS\System32\SHCORE.dll
0x00007ff9615d0000 - 0x00007ff961636000 	C:\WINDOWS\System32\shlwapi.dll
0x00007ff95e6f0000 - 0x00007ff95e719000 	C:\WINDOWS\SYSTEM32\profapi.dll
0x00007ff906f70000 - 0x00007ff907047000 	C:\Users\joaov\.jdks\corretto-21.0.6\bin\jsvml.dll
0x00007ff931c10000 - 0x00007ff931c28000 	C:\Users\joaov\.jdks\corretto-21.0.6\bin\zip.dll
0x00007ff942680000 - 0x00007ff942690000 	C:\Users\joaov\.jdks\corretto-21.0.6\bin\net.dll
0x00007ff94d310000 - 0x00007ff94d438000 	C:\WINDOWS\SYSTEM32\WINHTTP.dll
0x00007ff95daf0000 - 0x00007ff95db5b000 	C:\WINDOWS\system32\mswsock.dll
0x00007ff931c30000 - 0x00007ff931c46000 	C:\Users\joaov\.jdks\corretto-21.0.6\bin\nio.dll
0x00007ff931c80000 - 0x00007ff931c89000 	C:\Users\joaov\.jdks\corretto-21.0.6\bin\extnet.dll
0x00007ff931bc0000 - 0x00007ff931bce000 	C:\Users\joaov\.jdks\corretto-21.0.6\bin\sunmscapi.dll
0x00007ff95eb30000 - 0x00007ff95eca7000 	C:\WINDOWS\System32\CRYPT32.dll
0x00007ff95dfd0000 - 0x00007ff95e000000 	C:\WINDOWS\SYSTEM32\ncrypt.dll
0x00007ff95df80000 - 0x00007ff95dfbf000 	C:\WINDOWS\SYSTEM32\NTASN1.dll

dbghelp: loaded successfully - version: 4.0.5 - missing functions: none
symbol engine: initialized successfully - sym options: 0x614 - pdb path: .;C:\Users\joaov\.jdks\corretto-21.0.6\bin;C:\WINDOWS\SYSTEM32;C:\Program Files\Avast Software\Avast;C:\WINDOWS\WinSxS\amd64_microsoft.windows.common-controls_6595b64144ccf1df_6.0.26100.7309_none_3e05feeae336a044;C:\Users\joaov\.jdks\corretto-21.0.6\bin\server

VM Arguments:
jvm_args: -javaagent:C:\Users\joaov\AppData\Local\Programs\IntelliJ IDEA Community Edition\lib\idea_rt.jar=60543 -Dfile.encoding=UTF-8 -Dsun.stdout.encoding=UTF-8 -Dsun.stderr.encoding=UTF-8 
java_command: com.ohi.messageapi.MessageapiApplication
java_class_path (initial): C:\Users\joaov\Desktop\APIJava\target\classes;C:\Users\joaov\.m2\repository\org\springframework\boot\spring-boot-h2console\4.0.1\spring-boot-h2console-4.0.1.jar;C:\Users\joaov\.m2\repository\org\springframework\boot\spring-boot\4.0.1\spring-boot-4.0.1.jar;C:\Users\joaov\.m2\repository\org\springframework\spring-core\7.0.2\spring-core-7.0.2.jar;C:\Users\joaov\.m2\repository\commons-logging\commons-logging\1.3.5\commons-logging-1.3.5.jar;C:\Users\joaov\.m2\repository\org\jspecify\jspecify\1.0.0\jspecify-1.0.0.jar;C:\Users\joaov\.m2\repository\org\springframework\spring-context\7.0.2\spring-context-7.0.2.jar;C:\Users\joaov\.m2\repository\org\springframework\spring-aop\7.0.2\spring-aop-7.0.2.jar;C:\Users\joaov\.m2\repository\org\springframework\spring-beans\7.0.2\spring-beans-7.0.2.jar;C:\Users\joaov\.m2\repository\org\springframework\spring-expression\7.0.2\spring-expression-7.0.2.jar;C:\Users\joaov\.m2\repository\io\micrometer\micrometer-observation\1.16.1\micrometer-observation-1.16.1.jar;C:\Users\joaov\.m2\repository\io\micrometer\micrometer-commons\1.16.1\micrometer-commons-1.16.1.jar;C:\Users\joaov\.m2\repository\jakarta\servlet\jakarta.servlet-api\6.1.0\jakarta.servlet-api-6.1.0.jar;C:\Users\joaov\.m2\repository\org\springframework\boot\spring-boot-starter-data-jpa\4.0.1\spring-boot-starter-data-jpa-4.0.1.jar;C:\Users\joaov\.m2\repository\org\springframework\boot\spring-boot-starter\4.0.1\spring-boot-starter-4.0.1.jar;C:\Users\joaov\.m2\repository\org\springframework\boot\spring-boot-starter-logging\4.0.1\spring-boot-starter-logging-4.0.1.jar;C:\Users\joaov\.m2\repository\ch\qos\logback\logback-classic\1.5.22\logback-classic-1.5.22.jar;C:\Users\joaov\.m2\repository\ch\qos\logback\logback-core\1.5.22\logback-core-1.5.22.jar;C:\Users\joaov\.m2\repository\org\apache\logging\log4j\log4j-to-slf4j\2.25.3\log4j-to-slf4j-2.25.3.jar;C:\Users\joaov\.m2\repository\org\apache\logging\log4j\log4j-api\2.25.3\log4j-api-2.25.3.jar;C:\Users\joaov\.m2\repository\org\slf4j\jul-to-slf4j\2.0.17\jul-to-slf4j-2.0.17.jar;C:\Users\joaov\.m2\repository\org\springframework\boot\spring-boot-autoconfigure\4.0.1\spring-boot-autoconfigure-4.0.1.jar;C:\Users\joaov\.m2\repository\jakarta\annotation\jakarta.annotation-api\3.0.0\jakarta.annotation-api-3.0.0.jar;C:\Users\joaov\.m2\repository\org\yaml\snakeyaml\2.5\snakeyaml-2.5.jar;C:\Users\joaov\.m2\repository\org\springframework\boot\spring-boot-starter-jdbc\4.0.1\spring-boot-starter-jdbc-4.0.1.jar;C:\Users\joaov\.m2\repository\com\zaxxer\HikariCP\7.0.2\HikariCP-7.0.2.jar;C:\Users\joaov\.m2\repository\org\slf4j\slf4j-api\2.0.17\slf4j-api-2.0.17.jar;C:\Users\joaov\.m2\repository\org\springframework\boot\spring-boot-data-jpa\4.0.1\spring-boot-data-jpa-4.0.1.jar;C:\Users\joaov\.m2\repository\org\springframework\boot\spring-boot-data-commons\4.0.1\spring-boot-data-commons-4.0.1.jar;C:\Users\joaov\.m2\repository\org\springframework\boot\spring-boot-persistence\4.0.1\spring-boot-persistence-4.0.1.jar;C:\Users\joaov\.m2\repository\org\springframework\data\spring-data-commons\4.0.1\spring-data-commons-4.0.1.jar;C:\Users\joaov\.m2\repository\org\springframework\boot\spring-boot-hibernate\4.0.1\spring-boot-hibernate-4.0.1.jar;C:\Users\joaov\.m2\repository\org\springframework\boot\spring-boot-jpa\4.0.1\spring-boot-jpa-4.0.1.jar;C:\Users\joaov\.m2\repository\jakarta\persistence\jakarta.persistence-api\3.2.0\jakarta.persistence-api-3.2.0.jar;C:\Users\joaov\.m2\repository\org\hibernate\orm\hibernate-core\7.2.0.Final\hibernate-core-7.2.0.Final.jar;C:\Users\joaov\.m2\repository\jakarta\transaction\jakarta.transaction-api\2.0.1\jakarta.transaction-api-2.0.1.jar;C:\Users\joaov\.m2\repository\org\jboss\logging\jboss-logging\3.6.1.Final\jboss-logging-3.6.1.Final.jar;C:\Users\joaov\.m2\repository\org\hibernate\models\hibernate-models\1.0.1\hibernate-models-1.0.1.jar;C:\Users\joaov\.m2\repository\com\fasterxml\classmate\1.7.1\classmate-1.7.1.jar;C:\Users\joaov\.m2\repository\org\glassfish\jaxb\jaxb-runtime\4.0.6\jaxb-runtime-4.0.6.jar;C:\Users\joaov\.m2\repository\org\glassfish\jaxb\jaxb-core\4.0.6\jaxb-core-4.0.6.jar;C:\Users\joaov\.m2\repository\org\eclipse\angus\angus-activation\2.0.3\angus-activation-2.0.3.jar;C:\Users\joaov\.m2\repository\org\glassfish\jaxb\txw2\4.0.6\txw2-4.0.6.jar;C:\Users\joaov\.m2\repository\com\sun\istack\istack-commons-runtime\4.1.2\istack-commons-runtime-4.1.2.jar;C:\Users\joaov\.m2\repository\jakarta\inject\jakarta.inject-api\2.0.1\jakarta.inject-api-2.0.1.jar;C:\Users\joaov\.m2\repository\org\springframework\spring-orm\7.0.2\spring-orm-7.0.2.jar;C:\Users\joaov\.m2\repository\org\springframework\data\spring-data-jpa\4.0.1\spring-data-jpa-4.0.1.jar;C:\Users\joaov\.m2\repository\org\springframework\spring-tx\7.0.2\spring-tx-7.0.2.jar;C:\Users\joaov\.m2\repository\org\antlr\antlr4-runtime\4.13.2\antlr4-runtime-4.13.2.jar;C:\Users\joaov\.m2\repository\org\springframework\spring-aspects\7.0.2\spring-aspects-7.0.2.jar;C:\Users\joaov\.m2\repository\org\aspectj\aspectjweaver\1.9.25.1\aspectjweaver-1.9.25.1.jar;C:\Users\joaov\.m2\repository\org\springframework\boot\spring-boot-jdbc\4.0.1\spring-boot-jdbc-4.0.1.jar;C:\Users\joaov\.m2\repository\org\springframework\boot\spring-boot-sql\4.0.1\spring-boot-sql-4.0.1.jar;C:\Users\joaov\.m2\repository\org\springframework\boot\spring-boot-transaction\4.0.1\spring-boot-transaction-4.0.1.jar;C:\Users\joaov\.m2\repository\org\springframework\spring-jdbc\7.0.2\spring-jdbc-7.0.2.jar;C:\Users\joaov\.m2\repository\org\springframework\boot\spring-boot-starter-webmvc\4.0.1\spring-boot-starter-webmvc-4.0.1.jar;C:\Users\joaov\.m2\repository\org\springframework\boot\spring-boot-starter-jackson\4.0.1\spring-boot-starter-jackson-4.0.1.jar;C:\Users\joaov\.m2\repository\org\springframework\boot\spring-boot-jackson\4.0.1\spring-boot-jackson-4.0.1.jar;C:\Users\joaov\.m2\repository\tools\jackson\core\jackson-databind\3.0.3\jackson-databind-3.0.3.jar;C:\Users\joaov\.m2\repository\com\fasterxml\jackson\core\jackson-annotations\2.20\jackson-annotations-2.20.jar;C:\Users\joaov\.m2\repository\tools\jackson\core\jackson-core\3.0.3\jackson-core-3.0.3.jar;C:\Users\joaov\.m2\repository\org\springframework\boot\spring-boot-starter-tomcat\4.0.1\spring-boot-starter-tomcat-4.0.1.jar;C:\Users\joaov\.m2\repository\org\springframework\boot\spring-boot-starter-tomcat-runtime\4.0.1\spring-boot-starter-tomcat-runtime-4.0.1.jar;C:\Users\joaov\.m2\repository\org\apache\tomcat\embed\tomcat-embed-core\11.0.15\tomcat-embed-core-11.0.15.jar;C:\Users\joaov\.m2\repository\org\apache\tomcat\embed\tomcat-embed-el\11.0.15\tomcat-embed-el-11.0.15.jar;C:\Users\joaov\.m2\repository\org\apache\tomcat\embed\tomcat-embed-websocket\11.0.15\tomcat-embed-websocket-11.0.15.jar;C:\Users\joaov\.m2\repository\org\springframework\boot\spring-boot-tomcat\4.0.1\spring-boot-tomcat-4.0.1.jar;C:\Users\joaov\.m2\repository\org\springframework\boot\spring-boot-http-converter\4.0.1\spring-boot-http-converter-4.0.1.jar;C:\Users\joaov\.m2\repository\org\springframework\spring-web\7.0.2\spring-web-7.0.2.jar;C:\Users\joaov\.m2\repository\org\springframework\boot\spring-boot-webmvc\4.0.1\spring-boot-webmvc-4.0.1.jar;C:\Users\joaov\.m2\repository\org\springframework\boot\spring-boot-servlet\4.0.1\spring-boot-servlet-4.0.1.jar;C:\Users\joaov\.m2\repository\org\springframework\spring-webmvc\7.0.2\spring-webmvc-7.0.2.jar;C:\Users\joaov\.m2\repository\com\h2database\h2\2.4.240\h2-2.4.240.jar;C:\Users\joaov\.m2\repository\jakarta\xml\bind\jakarta.xml.bind-api\4.0.4\jakarta.xml.bind-api-4.0.4.jar;C:\Users\joaov\.m2\repository\jakarta\activation\jakarta.activation-api\2.1.4\jakarta.activation-api-2.1.4.jar;C:\Users\joaov\.m2\repository\net\bytebuddy\byte-buddy\1.17.8\byte-buddy-1.17.8.jar;C:\Users\joaov\.m2\repository\org\springframework\boot\spring-boot-web-server\4.0.1\spring-boot-web-server-4.0.1.jar
Launcher Type: SUN_STANDARD

[Global flags]
     intx CICompilerCount                          = 4                                         {product} {ergonomic}
     uint ConcGCThreads                            = 3                                         {product} {ergonomic}
     uint G1ConcRefinementThreads                  = 10                                        {product} {ergonomic}
   size_t G1HeapRegionSize                         = 1048576                                   {product} {ergonomic}
    uintx GCDrainStackTargetSize                   = 64                                        {product} {ergonomic}
   size_t InitialHeapSize                          = 130023424                                 {product} {ergonomic}
   size_t MarkStackSize                            = 4194304                                   {product} {ergonomic}
   size_t MaxHeapSize                              = 2065694720                                {product} {ergonomic}
   size_t MaxNewSize                               = 1239416832                                {product} {ergonomic}
   size_t MinHeapDeltaBytes                        = 1048576                                   {product} {ergonomic}
   size_t MinHeapSize                              = 8388608                                   {product} {ergonomic}
    uintx NonNMethodCodeHeapSize                   = 5839372                                {pd product} {ergonomic}
    uintx NonProfiledCodeHeapSize                  = 122909434                              {pd product} {ergonomic}
    uintx ProfiledCodeHeapSize                     = 122909434                              {pd product} {ergonomic}
    uintx ReservedCodeCacheSize                    = 251658240                              {pd product} {ergonomic}
     bool SegmentedCodeCache                       = true                                      {product} {ergonomic}
   size_t SoftMaxHeapSize                          = 2065694720                             {manageable} {ergonomic}
     bool UseCompressedOops                        = true                           {product lp64_product} {ergonomic}
     bool UseG1GC                                  = true                                      {product} {ergonomic}
     bool UseLargePagesIndividualAllocation        = false                                  {pd product} {ergonomic}

Logging:
Log output configuration:
 #0: stdout all=warning uptime,level,tags foldmultilines=false
 #1: stderr all=off uptime,level,tags foldmultilines=false

Environment Variables:
PATH=C:\Program Files\Common Files\Oracle\Java\javapath;C:\WINDOWS\system32;C:\WINDOWS;C:\WINDOWS\System32\Wbem;C:\WINDOWS\System32\WindowsPowerShell\v1.0\;C:\WINDOWS\System32\OpenSSH\;C:\Program Files\dotnet\;C:\Program Files\nodejs\;C:\Program Files (x86)\Microsoft SQL Server\160\Tools\Binn\;C:\Program Files\Microsoft SQL Server\160\Tools\Binn\;C:\Program Files\Microsoft SQL Server\Client SDK\ODBC\170\Tools\Binn\;C:\Program Files\Microsoft SQL Server\160\DTS\Binn\;C:\Program Files\Git\cmd;C:\Users\joaov\AppData\Local\Programs\Python\Python312\Scripts\;C:\Users\joaov\AppData\Local\Programs\Python\Python312\;C:\Users\joaov\AppData\Local\Microsoft\WindowsApps;C:\Users\joaov\AppData\Local\Programs\Microsoft VS Code\bin;C:\Users\joaov\AppData\Roaming\npm;C:\Users\joaov\AppData\Local\JetBrains\Toolbox\scripts;;C:\Users\joaov\AppData\Local\Microsoft\WindowsApps
USERNAME=joaov
OS=Windows_NT
PROCESSOR_IDENTIFIER=Intel64 Family 6 Model 154 Stepping 4, GenuineIntel
TMP=C:\Users\joaov\AppData\Local\Temp
TEMP=C:\Users\joaov\AppData\Local\Temp




Periodic native trim disabled

---------------  S Y S T E M  ---------------

OS:
 Windows 11 , 64 bit Build 26100 (10.0.26100.7309)
OS uptime: 0 days 2:00 hours
Hyper-V role detected

CPU: total 12 (initial active 12) (6 cores per cpu, 2 threads per core) family 6 model 154 stepping 4 microcode 0x437, cx8, cmov, fxsr, ht, mmx, 3dnowpref, sse, sse2, sse3, ssse3, sse4.1, sse4.2, popcnt, lzcnt, tsc, tscinvbit, avx, avx2, aes, erms, clmul, bmi1, bmi2, adx, sha, fma, vzeroupper, clflush, clflushopt, clwb, hv, serialize, rdtscp, rdpid, fsrm, f16c, cet_ibt, cet_ss
Processor Information for the first 12 processors :
  Max Mhz: 1300, Current Mhz: 1300, Mhz Limit: 1300

Memory: 4k page, system-wide physical 7876M (1120M free)
TotalPageFile size 16068M (AvailPageFile size 6M)
current process WorkingSet (physical memory assigned to process): 146M, peak: 146M
current process commit charge ("private bytes"): 275M, peak: 275M

vm_info: OpenJDK 64-Bit Server VM (21.0.6+7-LTS) for windows-amd64 JRE (21.0.6+7-LTS), built on 2025-01-07T23:42:01Z by "Administrator" with MS VC++ 16.10 / 16.11 (VS2019)

END.
