#
# There is insufficient memory for the Java Runtime Environment to continue.
# Native memory allocation (malloc) failed to allocate 108016 bytes. Error detail: Chunk::new
# Possible reasons:
#   The system is out of physical RAM or swap space
#   This process is running with CompressedOops enabled, and the Java Heap may be blocking the growth of the native heap
# Possible solutions:
#   Reduce memory load on the system
#   Increase physical memory or swap space
#   Check if swap backing store is full
#   Decrease Java heap size (-Xmx/-Xms)
#   Decrease number of Java threads
#   Decrease Java thread stack sizes (-Xss)
#   Set larger code cache with -XX:ReservedCodeCacheSize=
#   JVM is running with Unscaled Compressed Oops mode in which the Java heap is
#     placed in the first 4GB address space. The Java Heap base address is the
#     maximum limit for the native heap growth. Please use -XX:HeapBaseMinAddress
#     to set the Java Heap base and to place the Java Heap above 4GB virtual address.
# This output file may be truncated or incomplete.
#
#  Out of Memory Error (arena.cpp:168), pid=23796, tid=5084
#
# JRE version: OpenJDK Runtime Environment Corretto-21.0.6.7.1 (21.0.6+7) (build 21.0.6+7-LTS)
# Java VM: OpenJDK 64-Bit Server VM Corretto-21.0.6.7.1 (21.0.6+7-LTS, mixed mode, sharing, tiered, compressed oops, compressed class ptrs, g1 gc, windows-amd64)
# No core dump will be written. Minidumps are not enabled by default on client versions of Windows
#

---------------  S U M M A R Y ------------

Command Line: -javaagent:C:\Users\joaov\AppData\Local\Programs\IntelliJ IDEA Community Edition\lib\idea_rt.jar=54657 -Dfile.encoding=UTF-8 -Dsun.stdout.encoding=UTF-8 -Dsun.stderr.encoding=UTF-8 com.ohi.messageapi.MessageapiApplication

Host: 12th Gen Intel(R) Core(TM) i5-1235U, 12 cores, 7G,  Windows 11 , 64 bit Build 26100 (10.0.26100.7309)
Time: Tue Jan 13 10:41:05 2026 Hora oficial do Brasil elapsed time: 1596.573657 seconds (0d 0h 26m 36s)

---------------  T H R E A D  ---------------

Current thread (0x000001dc4134a5a0):  JavaThread "C2 CompilerThread0" daemon [_thread_in_native, id=5084, stack(0x00000010eb200000,0x00000010eb300000) (1024K)]


Current CompileTask:
C2:1596573 5311       4       java.util.concurrent.ConcurrentHashMap$BaseIterator::<init> (21 bytes)

Stack: [0x00000010eb200000,0x00000010eb300000]
Native frames: (J=compiled Java code, j=interpreted, Vv=VM code, C=native code)
V  [jvm.dll+0x6da5e9]
V  [jvm.dll+0x8b6b73]
V  [jvm.dll+0x8b8ece]
V  [jvm.dll+0x8b95b3]
V  [jvm.dll+0x286256]
V  [jvm.dll+0xc65ed]
V  [jvm.dll+0xc6b23]
V  [jvm.dll+0x3c0601]
V  [jvm.dll+0x38c267]
V  [jvm.dll+0x38b6da]
V  [jvm.dll+0x24e5e2]
V  [jvm.dll+0x24dbb1]
V  [jvm.dll+0x1cc3e4]
V  [jvm.dll+0x25d279]
V  [jvm.dll+0x25b82b]
V  [jvm.dll+0x3facb6]
V  [jvm.dll+0x85f868]
V  [jvm.dll+0x6d8ded]
C  [ucrtbase.dll+0x37b0]
C  [KERNEL32.DLL+0x2e8d7]
C  [ntdll.dll+0x8c53c]


---------------  P R O C E S S  ---------------

Threads class SMR info:
_java_thread_list=0x000001dc896ebc10, length=27, elements={
0x000001dc40fde190, 0x000001dc40fe1910, 0x000001dc40fe7430, 0x000001dc40fe8210,
0x000001dc41340db0, 0x000001dc41341800, 0x000001dc4134a5a0, 0x000001dc40fed1c0,
0x000001dc40fb1200, 0x000001dc4182a410, 0x000001dc876be310, 0x000001dc87d6e210,
0x000001dc8846f190, 0x000001dc87fca910, 0x000001dc896cc390, 0x000001dc896cbd00,
0x000001dc896ceaf0, 0x000001dc896cca20, 0x000001dc896cd740, 0x000001dc896cd0b0,
0x000001dc896cddd0, 0x000001dc896ce460, 0x000001dc8a87d6a0, 0x000001dc8a87c980,
0x000001dc8a87fe00, 0x000001dc8a880490, 0x000001dc8a87dd30
}

Java Threads: ( => current thread )
  0x000001dc40fde190 JavaThread "Reference Handler"          daemon [_thread_blocked, id=12748, stack(0x00000010eac00000,0x00000010ead00000) (1024K)]
  0x000001dc40fe1910 JavaThread "Finalizer"                  daemon [_thread_blocked, id=20016, stack(0x00000010ead00000,0x00000010eae00000) (1024K)]
  0x000001dc40fe7430 JavaThread "Signal Dispatcher"          daemon [_thread_blocked, id=22412, stack(0x00000010eae00000,0x00000010eaf00000) (1024K)]
  0x000001dc40fe8210 JavaThread "Attach Listener"            daemon [_thread_blocked, id=11800, stack(0x00000010eaf00000,0x00000010eb000000) (1024K)]
  0x000001dc41340db0 JavaThread "Service Thread"             daemon [_thread_blocked, id=3268, stack(0x00000010eb000000,0x00000010eb100000) (1024K)]
  0x000001dc41341800 JavaThread "Monitor Deflation Thread"   daemon [_thread_blocked, id=24104, stack(0x00000010eb100000,0x00000010eb200000) (1024K)]
=>0x000001dc4134a5a0 JavaThread "C2 CompilerThread0"         daemon [_thread_in_native, id=5084, stack(0x00000010eb200000,0x00000010eb300000) (1024K)]
  0x000001dc40fed1c0 JavaThread "C1 CompilerThread0"         daemon [_thread_blocked, id=2136, stack(0x00000010eb300000,0x00000010eb400000) (1024K)]
  0x000001dc40fb1200 JavaThread "Common-Cleaner"             daemon [_thread_blocked, id=25164, stack(0x00000010eb400000,0x00000010eb500000) (1024K)]
  0x000001dc4182a410 JavaThread "Notification Thread"        daemon [_thread_blocked, id=22460, stack(0x00000010eb700000,0x00000010eb800000) (1024K)]
  0x000001dc876be310 JavaThread "Catalina-utility-1"                [_thread_blocked, id=17896, stack(0x00000010ec300000,0x00000010ec400000) (1024K)]
  0x000001dc87d6e210 JavaThread "Catalina-utility-2"                [_thread_blocked, id=3320, stack(0x00000010ec400000,0x00000010ec500000) (1024K)]
  0x000001dc8846f190 JavaThread "container-0"                       [_thread_blocked, id=10232, stack(0x00000010ec500000,0x00000010ec600000) (1024K)]
  0x000001dc87fca910 JavaThread "HikariPool-1:housekeeper"   daemon [_thread_blocked, id=9700, stack(0x00000010eb500000,0x00000010eb600000) (1024K)]
  0x000001dc896cc390 JavaThread "http-nio-8080-exec-1"       daemon [_thread_blocked, id=9224, stack(0x00000010ec900000,0x00000010eca00000) (1024K)]
  0x000001dc896cbd00 JavaThread "http-nio-8080-exec-2"       daemon [_thread_blocked, id=21332, stack(0x00000010eca00000,0x00000010ecb00000) (1024K)]
  0x000001dc896ceaf0 JavaThread "http-nio-8080-exec-3"       daemon [_thread_blocked, id=13268, stack(0x00000010ecb00000,0x00000010ecc00000) (1024K)]
  0x000001dc896cca20 JavaThread "http-nio-8080-exec-4"       daemon [_thread_blocked, id=11492, stack(0x00000010ecc00000,0x00000010ecd00000) (1024K)]
  0x000001dc896cd740 JavaThread "http-nio-8080-exec-5"       daemon [_thread_blocked, id=25604, stack(0x00000010ecd00000,0x00000010ece00000) (1024K)]
  0x000001dc896cd0b0 JavaThread "http-nio-8080-exec-6"       daemon [_thread_blocked, id=15160, stack(0x00000010ece00000,0x00000010ecf00000) (1024K)]
  0x000001dc896cddd0 JavaThread "http-nio-8080-exec-7"       daemon [_thread_blocked, id=2220, stack(0x00000010ecf00000,0x00000010ed000000) (1024K)]
  0x000001dc896ce460 JavaThread "http-nio-8080-exec-8"       daemon [_thread_blocked, id=15668, stack(0x00000010ed000000,0x00000010ed100000) (1024K)]
  0x000001dc8a87d6a0 JavaThread "http-nio-8080-exec-9"       daemon [_thread_blocked, id=9380, stack(0x00000010ed100000,0x00000010ed200000) (1024K)]
  0x000001dc8a87c980 JavaThread "http-nio-8080-exec-10"      daemon [_thread_blocked, id=13488, stack(0x00000010ed200000,0x00000010ed300000) (1024K)]
  0x000001dc8a87fe00 JavaThread "http-nio-8080-Poller"       daemon [_thread_in_native, id=4612, stack(0x00000010ed300000,0x00000010ed400000) (1024K)]
  0x000001dc8a880490 JavaThread "http-nio-8080-Acceptor"     daemon [_thread_in_native, id=3000, stack(0x00000010ed400000,0x00000010ed500000) (1024K)]
  0x000001dc8a87dd30 JavaThread "DestroyJavaVM"                     [_thread_blocked, id=24004, stack(0x00000010ea400000,0x00000010ea500000) (1024K)]
Total: 27

Other Threads:
  0x000001dc40fc2630 VMThread "VM Thread"                           [id=9424, stack(0x00000010eab00000,0x00000010eac00000) (1024K)]
  0x000001dc40fb0880 WatcherThread "VM Periodic Task Thread"        [id=9924, stack(0x00000010eaa00000,0x00000010eab00000) (1024K)]
  0x000001dc2440dc50 WorkerThread "GC Thread#0"                     [id=26500, stack(0x00000010ea500000,0x00000010ea600000) (1024K)]
  0x000001dc41bc4d60 WorkerThread "GC Thread#1"                     [id=1544, stack(0x00000010eb800000,0x00000010eb900000) (1024K)]
  0x000001dc870cfb90 WorkerThread "GC Thread#2"                     [id=26260, stack(0x00000010eb900000,0x00000010eba00000) (1024K)]
  0x000001dc41e0b380 WorkerThread "GC Thread#3"                     [id=4176, stack(0x00000010eba00000,0x00000010ebb00000) (1024K)]
  0x000001dc41e0b720 WorkerThread "GC Thread#4"                     [id=1200, stack(0x00000010ebb00000,0x00000010ebc00000) (1024K)]
  0x000001dc41cd22e0 WorkerThread "GC Thread#5"                     [id=26360, stack(0x00000010ebc00000,0x00000010ebd00000) (1024K)]
  0x000001dc41cd2680 WorkerThread "GC Thread#6"                     [id=424, stack(0x00000010ebd00000,0x00000010ebe00000) (1024K)]
  0x000001dc87ad8780 WorkerThread "GC Thread#7"                     [id=19880, stack(0x00000010ebf00000,0x00000010ec000000) (1024K)]
  0x000001dc87a667c0 WorkerThread "GC Thread#8"                     [id=23984, stack(0x00000010ec000000,0x00000010ec100000) (1024K)]
  0x000001dc87a66b60 WorkerThread "GC Thread#9"                     [id=12716, stack(0x00000010ec100000,0x00000010ec200000) (1024K)]
  0x000001dc2441f1c0 ConcurrentGCThread "G1 Main Marker"            [id=22916, stack(0x00000010ea600000,0x00000010ea700000) (1024K)]
  0x000001dc24420460 WorkerThread "G1 Conc#0"                       [id=23544, stack(0x00000010ea700000,0x00000010ea800000) (1024K)]
  0x000001dc886fb3f0 WorkerThread "G1 Conc#1"                       [id=11468, stack(0x00000010ebe00000,0x00000010ebf00000) (1024K)]
  0x000001dc886f9e30 WorkerThread "G1 Conc#2"                       [id=18048, stack(0x00000010ec200000,0x00000010ec300000) (1024K)]
  0x000001dc40e7a490 ConcurrentGCThread "G1 Refine#0"               [id=26336, stack(0x00000010ea800000,0x00000010ea900000) (1024K)]
  0x000001dc40e7bcc0 ConcurrentGCThread "G1 Service"                [id=12712, stack(0x00000010ea900000,0x00000010eaa00000) (1024K)]
Total: 18

Threads with active compile tasks:
C2 CompilerThread0  1596626 5311       4       java.util.concurrent.ConcurrentHashMap$BaseIterator::<init> (21 bytes)
Total: 1

VM state: not at safepoint (normal execution)

VM Mutex/Monitor currently owned by a thread: None

Heap address: 0x0000000084e00000, size: 1970 MB, Compressed Oops mode: 32-bit

CDS archive(s) mapped at: [0x000001dc42000000-0x000001dc42c80000-0x000001dc42c80000), size 13107200, SharedBaseAddress: 0x000001dc42000000, ArchiveRelocationMode: 1.
Compressed class space mapped at: 0x000001dc43000000-0x000001dc83000000, reserved size: 1073741824
Narrow klass base: 0x000001dc42000000, Narrow klass shift: 0, Narrow klass range: 0x100000000

GC Precious Log:
 CardTable entry size: 512
 Card Set container configuration: InlinePtr #cards 5 size 8 Array Of Cards #cards 12 size 40 Howl #buckets 4 coarsen threshold 1843 Howl Bitmap #cards 512 size 80 coarsen threshold 460 Card regions per heap region 1 cards per card region 2048
 CPUs: 12 total, 12 available
 Memory: 7876M
 Large Page Support: Disabled
 NUMA Support: Disabled
 Compressed Oops: Enabled (32-bit)
 Heap Region Size: 1M
 Heap Min Capacity: 8M
 Heap Initial Capacity: 124M
 Heap Max Capacity: 1970M
 Pre-touch: Disabled
 Parallel Workers: 10
 Concurrent Workers: 3
 Concurrent Refinement Workers: 10
 Periodic GC: Disabled

Heap:
 garbage-first heap   total 58368K, used 35724K [0x0000000084e00000, 0x0000000100000000)
  region size 1024K, 14 young (14336K), 4 survivors (4096K)
 Metaspace       used 69868K, committed 70592K, reserved 1114112K
  class space    used 9476K, committed 9792K, reserved 1048576K

Heap Regions: E=young(eden), S=young(survivor), O=old, HS=humongous(starts), HC=humongous(continues), CS=collection set, F=free, TAMS=top-at-mark-start, PB=parsable bottom
|   0|0x0000000084e00000, 0x0000000084f00000, 0x0000000084f00000|100%|HS|  |TAMS 0x0000000084e00000| PB 0x0000000084e00000| Complete 
|   1|0x0000000084f00000, 0x0000000085000000, 0x0000000085000000|100%|HS|  |TAMS 0x0000000084f00000| PB 0x0000000084f00000| Complete 
|   2|0x0000000085000000, 0x0000000085100000, 0x0000000085100000|100%| O|  |TAMS 0x0000000085000000| PB 0x0000000085000000| Untracked 
|   3|0x0000000085100000, 0x0000000085200000, 0x0000000085200000|100%| O|  |TAMS 0x0000000085100000| PB 0x0000000085100000| Untracked 
|   4|0x0000000085200000, 0x0000000085300000, 0x0000000085300000|100%| O|  |TAMS 0x0000000085200000| PB 0x0000000085200000| Untracked 
|   5|0x0000000085300000, 0x0000000085400000, 0x0000000085400000|100%| O|  |TAMS 0x0000000085300000| PB 0x0000000085300000| Untracked 
|   6|0x0000000085400000, 0x0000000085500000, 0x0000000085500000|100%| O|  |TAMS 0x0000000085400000| PB 0x0000000085400000| Untracked 
|   7|0x0000000085500000, 0x0000000085600000, 0x0000000085600000|100%| O|  |TAMS 0x0000000085500000| PB 0x0000000085500000| Untracked 
|   8|0x0000000085600000, 0x0000000085700000, 0x0000000085700000|100%| O|  |TAMS 0x0000000085600000| PB 0x0000000085600000| Untracked 
|   9|0x0000000085700000, 0x0000000085800000, 0x0000000085800000|100%| O|  |TAMS 0x0000000085700000| PB 0x0000000085700000| Untracked 
|  10|0x0000000085800000, 0x0000000085900000, 0x0000000085900000|100%| O|  |TAMS 0x0000000085800000| PB 0x0000000085800000| Untracked 
|  11|0x0000000085900000, 0x0000000085a00000, 0x0000000085a00000|100%| O|  |TAMS 0x0000000085900000| PB 0x0000000085900000| Untracked 
|  12|0x0000000085a00000, 0x0000000085b00000, 0x0000000085b00000|100%| O|  |TAMS 0x0000000085a00000| PB 0x0000000085a00000| Untracked 
|  13|0x0000000085b00000, 0x0000000085c00000, 0x0000000085c00000|100%| O|  |TAMS 0x0000000085b00000| PB 0x0000000085b00000| Untracked 
|  14|0x0000000085c00000, 0x0000000085d00000, 0x0000000085d00000|100%| O|  |TAMS 0x0000000085c00000| PB 0x0000000085c00000| Untracked 
|  15|0x0000000085d00000, 0x0000000085e00000, 0x0000000085e00000|100%| O|  |TAMS 0x0000000085d00000| PB 0x0000000085d00000| Untracked 
|  16|0x0000000085e00000, 0x0000000085e00000, 0x0000000085f00000|  0%| F|  |TAMS 0x0000000085e00000| PB 0x0000000085e00000| Untracked 
|  17|0x0000000085f00000, 0x0000000086000000, 0x0000000086000000|100%| O|  |TAMS 0x0000000085f00000| PB 0x0000000085f00000| Untracked 
|  18|0x0000000086000000, 0x0000000086100000, 0x0000000086100000|100%| O|  |TAMS 0x0000000086000000| PB 0x0000000086000000| Untracked 
|  19|0x0000000086100000, 0x0000000086200000, 0x0000000086200000|100%| O|  |TAMS 0x0000000086100000| PB 0x0000000086100000| Untracked 
|  20|0x0000000086200000, 0x0000000086300000, 0x0000000086300000|100%| O|  |TAMS 0x0000000086200000| PB 0x0000000086200000| Untracked 
|  21|0x0000000086300000, 0x0000000086400000, 0x0000000086400000|100%| O|  |TAMS 0x0000000086300000| PB 0x0000000086300000| Untracked 
|  22|0x0000000086400000, 0x0000000086500000, 0x0000000086500000|100%| O|  |TAMS 0x0000000086400000| PB 0x0000000086400000| Untracked 
|  23|0x0000000086500000, 0x00000000865e31c0, 0x0000000086600000| 88%| O|  |TAMS 0x0000000086500000| PB 0x0000000086500000| Untracked 
|  24|0x0000000086600000, 0x0000000086600000, 0x0000000086700000|  0%| F|  |TAMS 0x0000000086600000| PB 0x0000000086600000| Untracked 
|  25|0x0000000086700000, 0x0000000086700000, 0x0000000086800000|  0%| F|  |TAMS 0x0000000086700000| PB 0x0000000086700000| Untracked 
|  26|0x0000000086800000, 0x0000000086800000, 0x0000000086900000|  0%| F|  |TAMS 0x0000000086800000| PB 0x0000000086800000| Untracked 
|  27|0x0000000086900000, 0x0000000086900000, 0x0000000086a00000|  0%| F|  |TAMS 0x0000000086900000| PB 0x0000000086900000| Untracked 
|  28|0x0000000086a00000, 0x0000000086a00000, 0x0000000086b00000|  0%| F|  |TAMS 0x0000000086a00000| PB 0x0000000086a00000| Untracked 
|  29|0x0000000086b00000, 0x0000000086c00000, 0x0000000086c00000|100%| S|CS|TAMS 0x0000000086b00000| PB 0x0000000086b00000| Complete 
|  30|0x0000000086c00000, 0x0000000086d00000, 0x0000000086d00000|100%| S|CS|TAMS 0x0000000086c00000| PB 0x0000000086c00000| Complete 
|  31|0x0000000086d00000, 0x0000000086e00000, 0x0000000086e00000|100%| S|CS|TAMS 0x0000000086d00000| PB 0x0000000086d00000| Complete 
|  32|0x0000000086e00000, 0x0000000086f00000, 0x0000000086f00000|100%| S|CS|TAMS 0x0000000086e00000| PB 0x0000000086e00000| Complete 
|  33|0x0000000086f00000, 0x0000000086f00000, 0x0000000087000000|  0%| F|  |TAMS 0x0000000086f00000| PB 0x0000000086f00000| Untracked 
|  34|0x0000000087000000, 0x0000000087000000, 0x0000000087100000|  0%| F|  |TAMS 0x0000000087000000| PB 0x0000000087000000| Untracked 
|  35|0x0000000087100000, 0x0000000087100000, 0x0000000087200000|  0%| F|  |TAMS 0x0000000087100000| PB 0x0000000087100000| Untracked 
|  36|0x0000000087200000, 0x0000000087200000, 0x0000000087300000|  0%| F|  |TAMS 0x0000000087200000| PB 0x0000000087200000| Untracked 
|  37|0x0000000087300000, 0x0000000087300000, 0x0000000087400000|  0%| F|  |TAMS 0x0000000087300000| PB 0x0000000087300000| Untracked 
|  38|0x0000000087400000, 0x0000000087400000, 0x0000000087500000|  0%| F|  |TAMS 0x0000000087400000| PB 0x0000000087400000| Untracked 
|  39|0x0000000087500000, 0x0000000087500000, 0x0000000087600000|  0%| F|  |TAMS 0x0000000087500000| PB 0x0000000087500000| Untracked 
|  40|0x0000000087600000, 0x0000000087600000, 0x0000000087700000|  0%| F|  |TAMS 0x0000000087600000| PB 0x0000000087600000| Untracked 
|  41|0x0000000087700000, 0x0000000087700000, 0x0000000087800000|  0%| F|  |TAMS 0x0000000087700000| PB 0x0000000087700000| Untracked 
|  42|0x0000000087800000, 0x0000000087800000, 0x0000000087900000|  0%| F|  |TAMS 0x0000000087800000| PB 0x0000000087800000| Untracked 
|  43|0x0000000087900000, 0x0000000087900000, 0x0000000087a00000|  0%| F|  |TAMS 0x0000000087900000| PB 0x0000000087900000| Untracked 
|  44|0x0000000087a00000, 0x0000000087a00000, 0x0000000087b00000|  0%| F|  |TAMS 0x0000000087a00000| PB 0x0000000087a00000| Untracked 
|  45|0x0000000087b00000, 0x0000000087b00000, 0x0000000087c00000|  0%| F|  |TAMS 0x0000000087b00000| PB 0x0000000087b00000| Untracked 
|  46|0x0000000087c00000, 0x0000000087c00000, 0x0000000087d00000|  0%| F|  |TAMS 0x0000000087c00000| PB 0x0000000087c00000| Untracked 
|  47|0x0000000087d00000, 0x0000000087d2a410, 0x0000000087e00000| 16%| E|  |TAMS 0x0000000087d00000| PB 0x0000000087d00000| Complete 
|  48|0x0000000087e00000, 0x0000000087f00000, 0x0000000087f00000|100%| E|CS|TAMS 0x0000000087e00000| PB 0x0000000087e00000| Complete 
|  49|0x0000000087f00000, 0x0000000088000000, 0x0000000088000000|100%| E|CS|TAMS 0x0000000087f00000| PB 0x0000000087f00000| Complete 
|  80|0x0000000089e00000, 0x0000000089f00000, 0x0000000089f00000|100%| E|  |TAMS 0x0000000089e00000| PB 0x0000000089e00000| Complete 
|  81|0x0000000089f00000, 0x000000008a000000, 0x000000008a000000|100%| E|CS|TAMS 0x0000000089f00000| PB 0x0000000089f00000| Complete 
|  82|0x000000008a000000, 0x000000008a100000, 0x000000008a100000|100%| E|CS|TAMS 0x000000008a000000| PB 0x000000008a000000| Complete 
|  83|0x000000008a100000, 0x000000008a200000, 0x000000008a200000|100%| E|CS|TAMS 0x000000008a100000| PB 0x000000008a100000| Complete 
|  84|0x000000008a200000, 0x000000008a300000, 0x000000008a300000|100%| E|CS|TAMS 0x000000008a200000| PB 0x000000008a200000| Complete 
|  85|0x000000008a300000, 0x000000008a400000, 0x000000008a400000|100%| E|CS|TAMS 0x000000008a300000| PB 0x000000008a300000| Complete 
| 123|0x000000008c900000, 0x000000008ca00000, 0x000000008ca00000|100%| E|CS|TAMS 0x000000008c900000| PB 0x000000008c900000| Complete 

Card table byte_map: [0x000001dc3c3d0000,0x000001dc3c7b0000] _byte_map_base: 0x000001dc3bfa9000

Marking Bits: (CMBitMap*) 0x000001dc2440e350
 Bits: [0x000001dc3c7b0000, 0x000001dc3e678000)

Polling page: 0x000001dc22010000

Metaspace:

Usage:
  Non-class:     58.98 MB used.
      Class:      9.25 MB used.
       Both:     68.23 MB used.

Virtual space:
  Non-class space:       64.00 MB reserved,      59.38 MB ( 93%) committed,  1 nodes.
      Class space:        1.00 GB reserved,       9.56 MB ( <1%) committed,  1 nodes.
             Both:        1.06 GB reserved,      68.94 MB (  6%) committed. 

Chunk freelists:
   Non-Class:  4.32 MB
       Class:  6.47 MB
        Both:  10.79 MB

MaxMetaspaceSize: unlimited
CompressedClassSpaceSize: 1.00 GB
Initial GC threshold: 21.00 MB
Current GC threshold: 98.44 MB
CDS: on
 - commit_granule_bytes: 65536.
 - commit_granule_words: 8192.
 - virtual_space_node_default_size: 8388608.
 - enlarge_chunks_in_place: 1.
 - use_allocation_guard: 0.


Internal statistics:

num_allocs_failed_limit: 9.
num_arena_births: 978.
num_arena_deaths: 0.
num_vsnodes_births: 2.
num_vsnodes_deaths: 0.
num_space_committed: 1103.
num_space_uncommitted: 0.
num_chunks_returned_to_freelist: 9.
num_chunks_taken_from_freelist: 3545.
num_chunk_merges: 9.
num_chunk_splits: 2581.
num_chunks_enlarged: 2039.
num_inconsistent_stats: 0.

CodeHeap 'non-profiled nmethods': size=120000Kb used=3112Kb max_used=3112Kb free=116888Kb
 bounds [0x000001dc34560000, 0x000001dc34870000, 0x000001dc3ba90000]
CodeHeap 'profiled nmethods': size=120000Kb used=8888Kb max_used=8888Kb free=111112Kb
 bounds [0x000001dc2ca90000, 0x000001dc2d340000, 0x000001dc33fc0000]
CodeHeap 'non-nmethods': size=5760Kb used=1693Kb max_used=1707Kb free=4066Kb
 bounds [0x000001dc33fc0000, 0x000001dc34230000, 0x000001dc34560000]
 total_blobs=5408 nmethods=4684 adapters=628
 compilation: enabled
              stopped_count=0, restarted_count=0
 full_count=0

Compilation events (20 events):
Event: 1431.074 Thread 0x000001dc40fed1c0 nmethod 5301 0x000001dc2cd34090 code [0x000001dc2cd34220, 0x000001dc2cd34318]
Event: 1451.672 Thread 0x000001dc4134a5a0 5302       4       java.lang.String::codePointAt (50 bytes)
Event: 1451.689 Thread 0x000001dc4134a5a0 nmethod 5302 0x000001dc34868f10 code [0x000001dc348690a0, 0x000001dc348691b8]
Event: 1452.747 Thread 0x000001dc40fed1c0 5303       3       java.util.TreeMap::addEntryToEmptyMap (37 bytes)
Event: 1452.750 Thread 0x000001dc40fed1c0 nmethod 5303 0x000001dc2d33b010 code [0x000001dc2d33b200, 0x000001dc2d33b8e0]
Event: 1462.755 Thread 0x000001dc40fed1c0 5304       3       java.util.TreeMap::<init> (20 bytes)
Event: 1462.757 Thread 0x000001dc40fed1c0 nmethod 5304 0x000001dc2d33bb10 code [0x000001dc2d33bcc0, 0x000001dc2d33bef0]
Event: 1495.529 Thread 0x000001dc4134a5a0 5305       4       java.util.concurrent.locks.LockSupport::setBlocker (12 bytes)
Event: 1495.546 Thread 0x000001dc4134a5a0 nmethod 5305 0x000001dc34869310 code [0x000001dc348694a0, 0x000001dc348695d8]
Event: 1506.518 Thread 0x000001dc4134a5a0 5306       4       java.util.concurrent.locks.ReentrantLock$NonfairSync::tryAcquire (27 bytes)
Event: 1506.524 Thread 0x000001dc4134a5a0 nmethod 5306 0x000001dc34869690 code [0x000001dc34869820, 0x000001dc348699a0]
Event: 1515.752 Thread 0x000001dc4134a5a0 5307       4       java.lang.Number::<init> (5 bytes)
Event: 1515.756 Thread 0x000001dc4134a5a0 nmethod 5307 0x000001dc34869a10 code [0x000001dc34869ba0, 0x000001dc34869c28]
Event: 1523.309 Thread 0x000001dc40fed1c0 5308       3       java.util.TreeSet::<init> (10 bytes)
Event: 1523.311 Thread 0x000001dc40fed1c0 nmethod 5308 0x000001dc2d33c010 code [0x000001dc2d33c1c0, 0x000001dc2d33c440]
Event: 1546.280 Thread 0x000001dc40fed1c0 5309       3       org.h2.message.TraceObject::debugCodeCall (28 bytes)
Event: 1546.351 Thread 0x000001dc40fed1c0 nmethod 5309 0x000001dc2d33c590 code [0x000001dc2d33c9c0, 0x000001dc2d33ed18]
Event: 1567.302 Thread 0x000001dc40fed1c0 5310       1       com.zaxxer.hikari.HikariConfig::getMaximumPoolSize (5 bytes)
Event: 1567.304 Thread 0x000001dc40fed1c0 nmethod 5310 0x000001dc34869d10 code [0x000001dc34869ea0, 0x000001dc34869f68]
Event: 1594.528 Thread 0x000001dc4134a5a0 5311       4       java.util.concurrent.ConcurrentHashMap$BaseIterator::<init> (21 bytes)

GC Heap History (20 events):
Event: 4.478 GC heap before
{Heap before GC invocations=4 (full 0):
 garbage-first heap   total 48128K, used 36545K [0x0000000084e00000, 0x0000000100000000)
  region size 1024K, 28 young (28672K), 6 survivors (6144K)
 Metaspace       used 24989K, committed 25536K, reserved 1114112K
  class space    used 3128K, committed 3392K, reserved 1048576K
}
Event: 4.491 GC heap after
{Heap after GC invocations=5 (full 0):
 garbage-first heap   total 48128K, used 16740K [0x0000000084e00000, 0x0000000100000000)
  region size 1024K, 3 young (3072K), 3 survivors (3072K)
 Metaspace       used 24989K, committed 25536K, reserved 1114112K
  class space    used 3128K, committed 3392K, reserved 1048576K
}
Event: 5.598 GC heap before
{Heap before GC invocations=5 (full 0):
 garbage-first heap   total 48128K, used 37220K [0x0000000084e00000, 0x0000000100000000)
  region size 1024K, 23 young (23552K), 3 survivors (3072K)
 Metaspace       used 29397K, committed 29888K, reserved 1114112K
  class space    used 3700K, committed 3904K, reserved 1048576K
}
Event: 5.606 GC heap after
{Heap after GC invocations=6 (full 0):
 garbage-first heap   total 48128K, used 18140K [0x0000000084e00000, 0x0000000100000000)
  region size 1024K, 3 young (3072K), 3 survivors (3072K)
 Metaspace       used 29397K, committed 29888K, reserved 1114112K
  class space    used 3700K, committed 3904K, reserved 1048576K
}
Event: 6.535 GC heap before
{Heap before GC invocations=6 (full 0):
 garbage-first heap   total 48128K, used 35548K [0x0000000084e00000, 0x0000000100000000)
  region size 1024K, 22 young (22528K), 3 survivors (3072K)
 Metaspace       used 35407K, committed 35968K, reserved 1114112K
  class space    used 4407K, committed 4672K, reserved 1048576K
}
Event: 6.539 GC heap after
{Heap after GC invocations=7 (full 0):
 garbage-first heap   total 48128K, used 19908K [0x0000000084e00000, 0x0000000100000000)
  region size 1024K, 2 young (2048K), 2 survivors (2048K)
 Metaspace       used 35407K, committed 35968K, reserved 1114112K
  class space    used 4407K, committed 4672K, reserved 1048576K
}
Event: 7.578 GC heap before
{Heap before GC invocations=8 (full 0):
 garbage-first heap   total 48128K, used 38340K [0x0000000084e00000, 0x0000000100000000)
  region size 1024K, 21 young (21504K), 2 survivors (2048K)
 Metaspace       used 40197K, committed 40768K, reserved 1114112K
  class space    used 5294K, committed 5568K, reserved 1048576K
}
Event: 7.583 GC heap after
{Heap after GC invocations=9 (full 0):
 garbage-first heap   total 48128K, used 21228K [0x0000000084e00000, 0x0000000100000000)
  region size 1024K, 3 young (3072K), 3 survivors (3072K)
 Metaspace       used 40197K, committed 40768K, reserved 1114112K
  class space    used 5294K, committed 5568K, reserved 1048576K
}
Event: 8.506 GC heap before
{Heap before GC invocations=9 (full 0):
 garbage-first heap   total 48128K, used 40684K [0x0000000084e00000, 0x0000000100000000)
  region size 1024K, 22 young (22528K), 3 survivors (3072K)
 Metaspace       used 45157K, committed 45760K, reserved 1114112K
  class space    used 6056K, committed 6336K, reserved 1048576K
}
Event: 8.512 GC heap after
{Heap after GC invocations=10 (full 0):
 garbage-first heap   total 48128K, used 22191K [0x0000000084e00000, 0x0000000100000000)
  region size 1024K, 3 young (3072K), 3 survivors (3072K)
 Metaspace       used 45157K, committed 45760K, reserved 1114112K
  class space    used 6056K, committed 6336K, reserved 1048576K
}
Event: 9.307 GC heap before
{Heap before GC invocations=10 (full 0):
 garbage-first heap   total 48128K, used 41647K [0x0000000084e00000, 0x0000000100000000)
  region size 1024K, 22 young (22528K), 3 survivors (3072K)
 Metaspace       used 50713K, committed 51264K, reserved 1114112K
  class space    used 6728K, committed 6976K, reserved 1048576K
}
Event: 9.311 GC heap after
{Heap after GC invocations=11 (full 0):
 garbage-first heap   total 48128K, used 23005K [0x0000000084e00000, 0x0000000100000000)
  region size 1024K, 2 young (2048K), 2 survivors (2048K)
 Metaspace       used 50713K, committed 51264K, reserved 1114112K
  class space    used 6728K, committed 6976K, reserved 1048576K
}
Event: 9.955 GC heap before
{Heap before GC invocations=11 (full 0):
 garbage-first heap   total 48128K, used 41437K [0x0000000084e00000, 0x0000000100000000)
  region size 1024K, 21 young (21504K), 2 survivors (2048K)
 Metaspace       used 57433K, committed 58048K, reserved 1114112K
  class space    used 7797K, committed 8064K, reserved 1048576K
}
Event: 9.958 GC heap after
{Heap after GC invocations=12 (full 0):
 garbage-first heap   total 48128K, used 23865K [0x0000000084e00000, 0x0000000100000000)
  region size 1024K, 2 young (2048K), 2 survivors (2048K)
 Metaspace       used 57433K, committed 58048K, reserved 1114112K
  class space    used 7797K, committed 8064K, reserved 1048576K
}
Event: 10.258 GC heap before
{Heap before GC invocations=12 (full 0):
 garbage-first heap   total 48128K, used 31033K [0x0000000084e00000, 0x0000000100000000)
  region size 1024K, 10 young (10240K), 2 survivors (2048K)
 Metaspace       used 59707K, committed 60288K, reserved 1114112K
  class space    used 8112K, committed 8384K, reserved 1048576K
}
Event: 10.262 GC heap after
{Heap after GC invocations=13 (full 0):
 garbage-first heap   total 48128K, used 24289K [0x0000000084e00000, 0x0000000100000000)
  region size 1024K, 3 young (3072K), 3 survivors (3072K)
 Metaspace       used 59707K, committed 60288K, reserved 1114112K
  class space    used 8112K, committed 8384K, reserved 1048576K
}
Event: 10.783 GC heap before
{Heap before GC invocations=14 (full 0):
 garbage-first heap   total 48128K, used 40673K [0x0000000084e00000, 0x0000000100000000)
  region size 1024K, 19 young (19456K), 3 survivors (3072K)
 Metaspace       used 62536K, committed 63168K, reserved 1114112K
  class space    used 8517K, committed 8768K, reserved 1048576K
}
Event: 10.787 GC heap after
{Heap after GC invocations=15 (full 0):
 garbage-first heap   total 58368K, used 25839K [0x0000000084e00000, 0x0000000100000000)
  region size 1024K, 3 young (3072K), 3 survivors (3072K)
 Metaspace       used 62536K, committed 63168K, reserved 1114112K
  class space    used 8517K, committed 8768K, reserved 1048576K
}
Event: 18.791 GC heap before
{Heap before GC invocations=15 (full 0):
 garbage-first heap   total 58368K, used 49391K [0x0000000084e00000, 0x0000000100000000)
  region size 1024K, 27 young (27648K), 3 survivors (3072K)
 Metaspace       used 66957K, committed 67648K, reserved 1114112K
  class space    used 9119K, committed 9408K, reserved 1048576K
}
Event: 18.798 GC heap after
{Heap after GC invocations=16 (full 0):
 garbage-first heap   total 58368K, used 27532K [0x0000000084e00000, 0x0000000100000000)
  region size 1024K, 4 young (4096K), 4 survivors (4096K)
 Metaspace       used 66957K, committed 67648K, reserved 1114112K
  class space    used 9119K, committed 9408K, reserved 1048576K
}

Dll operation events (12 events):
Event: 0.020 Loaded shared library C:\Users\joaov\.jdks\corretto-21.0.6\bin\java.dll
Event: 0.074 Loaded shared library C:\Users\joaov\.jdks\corretto-21.0.6\bin\jsvml.dll
Event: 0.165 Loaded shared library C:\Users\joaov\.jdks\corretto-21.0.6\bin\zip.dll
Event: 0.170 Loaded shared library C:\Users\joaov\.jdks\corretto-21.0.6\bin\instrument.dll
Event: 0.175 Loaded shared library C:\Users\joaov\.jdks\corretto-21.0.6\bin\net.dll
Event: 0.177 Loaded shared library C:\Users\joaov\.jdks\corretto-21.0.6\bin\nio.dll
Event: 0.179 Loaded shared library C:\Users\joaov\.jdks\corretto-21.0.6\bin\zip.dll
Event: 0.322 Loaded shared library C:\Users\joaov\.jdks\corretto-21.0.6\bin\extnet.dll
Event: 0.356 Loaded shared library C:\Users\joaov\.jdks\corretto-21.0.6\bin\jimage.dll
Event: 2.049 Loaded shared library C:\Users\joaov\.jdks\corretto-21.0.6\bin\sunmscapi.dll
Event: 5.275 Loaded shared library C:\Users\joaov\.jdks\corretto-21.0.6\bin\management.dll
Event: 5.278 Loaded shared library C:\Users\joaov\.jdks\corretto-21.0.6\bin\management_ext.dll

Deoptimization events (20 events):
Event: 18.809 Thread 0x000001dc896cc390 Uncommon trap: trap_request=0xffffff45 fr.pc=0x000001dc34573ecc relative=0x000000000000012c
Event: 18.809 Thread 0x000001dc896cc390 Uncommon trap: reason=unstable_if action=reinterpret pc=0x000001dc34573ecc method=java.lang.StringCoding.countPositives([BII)I @ 17 c2
Event: 18.809 Thread 0x000001dc896cc390 DEOPT PACKING pc=0x000001dc34573ecc sp=0x00000010ec9fd2c0
Event: 18.809 Thread 0x000001dc896cc390 DEOPT UNPACKING pc=0x000001dc340146a2 sp=0x00000010ec9fd260 mode 2
Event: 18.826 Thread 0x000001dc896cc390 Uncommon trap: trap_request=0xffffff66 fr.pc=0x000001dc34825324 relative=0x0000000000001d44
Event: 18.826 Thread 0x000001dc896cc390 Uncommon trap: reason=speculate_class_check action=maybe_recompile pc=0x000001dc34825324 method=org.springframework.transaction.interceptor.AbstractFallbackTransactionAttributeSource.getTransactionAttribute(Ljava/lang/reflect/Method;Ljava/lang/Class;Z)Lor
Event: 18.826 Thread 0x000001dc896cc390 DEOPT PACKING pc=0x000001dc34825324 sp=0x00000010ec9fd410
Event: 18.826 Thread 0x000001dc896cc390 DEOPT UNPACKING pc=0x000001dc340146a2 sp=0x00000010ec9fd428 mode 2
Event: 18.827 Thread 0x000001dc896cc390 Uncommon trap: trap_request=0xffffffde fr.pc=0x000001dc3471336c relative=0x0000000000000b2c
Event: 18.827 Thread 0x000001dc896cc390 Uncommon trap: reason=class_check action=maybe_recompile pc=0x000001dc3471336c method=org.springframework.core.annotation.AnnotatedElementUtils.getAnnotationAttributes(Lorg/springframework/core/annotation/MergedAnnotation;ZZ)Lorg/springframework/core/anno
Event: 18.827 Thread 0x000001dc896cc390 DEOPT PACKING pc=0x000001dc3471336c sp=0x00000010ec9fd330
Event: 18.827 Thread 0x000001dc896cc390 DEOPT UNPACKING pc=0x000001dc340146a2 sp=0x00000010ec9fd180 mode 2
Event: 18.842 Thread 0x000001dc896cc390 Uncommon trap: trap_request=0xfffffff4 fr.pc=0x000001dc34858214 relative=0x0000000000000074
Event: 18.842 Thread 0x000001dc896cc390 Uncommon trap: reason=null_check action=make_not_entrant pc=0x000001dc34858214 method=java.lang.Class.isAnnotation()Z @ 1 c2
Event: 18.842 Thread 0x000001dc896cc390 DEOPT PACKING pc=0x000001dc34858214 sp=0x00000010ec9fbb50
Event: 18.842 Thread 0x000001dc896cc390 DEOPT UNPACKING pc=0x000001dc340146a2 sp=0x00000010ec9fbae0 mode 2
Event: 18.939 Thread 0x000001dc896cc390 Uncommon trap: trap_request=0xffffffde fr.pc=0x000001dc34675554 relative=0x0000000000000694
Event: 18.939 Thread 0x000001dc896cc390 Uncommon trap: reason=class_check action=maybe_recompile pc=0x000001dc34675554 method=java.util.regex.Pattern$Start.match(Ljava/util/regex/Matcher;ILjava/lang/CharSequence;)Z @ 44 c2
Event: 18.939 Thread 0x000001dc896cc390 DEOPT PACKING pc=0x000001dc34675554 sp=0x00000010ec9fa5a0
Event: 18.940 Thread 0x000001dc896cc390 DEOPT UNPACKING pc=0x000001dc340146a2 sp=0x00000010ec9fa510 mode 2

Classes loaded (20 events):
Event: 18.990 Loading class java/util/OptionalDouble
Event: 18.991 Loading class java/util/OptionalDouble done
Event: 19.018 Loading class java/util/stream/LongStream
Event: 19.019 Loading class java/util/stream/LongStream done
Event: 19.019 Loading class java/util/stream/DoubleStream
Event: 19.019 Loading class java/util/stream/DoubleStream done
Event: 19.025 Loading class org/w3c/dom/Node
Event: 19.025 Loading class org/w3c/dom/Node done
Event: 19.025 Loading class org/w3c/dom/Document
Event: 19.026 Loading class org/w3c/dom/Document done
Event: 19.073 Loading class sun/nio/cs/ISO_8859_1$Encoder
Event: 19.074 Loading class sun/nio/cs/ISO_8859_1$Encoder done
Event: 19.074 Loading class sun/nio/cs/Surrogate$Parser
Event: 19.074 Loading class sun/nio/cs/Surrogate$Parser done
Event: 19.074 Loading class sun/nio/cs/Surrogate
Event: 19.074 Loading class sun/nio/cs/Surrogate done
Event: 19.074 Loading class java/nio/StringCharBuffer
Event: 19.075 Loading class java/nio/StringCharBuffer done
Event: 57.439 Loading class sun/net/ConnectionResetException
Event: 57.440 Loading class sun/net/ConnectionResetException done

Classes unloaded (0 events):
No events

Classes redefined (0 events):
No events

Internal exceptions (20 events):
Event: 10.404 Thread 0x000001dc2208d4e0 Implicit null exception at 0x000001dc347da2cc to 0x000001dc347dbd24
Event: 10.428 Thread 0x000001dc2208d4e0 Exception <a 'java/lang/IncompatibleClassChangeError'{0x000000008a1ded00}: Found class java.lang.Object, but interface was expected> (0x000000008a1ded00) 
thrown [s\src\hotspot\share\interpreter\linkResolver.cpp, line 840]
Event: 10.501 Thread 0x000001dc2208d4e0 Exception <a 'java/lang/IncompatibleClassChangeError'{0x0000000089f6e998}: Found class java.lang.Object, but interface was expected> (0x0000000089f6e998) 
thrown [s\src\hotspot\share\interpreter\linkResolver.cpp, line 840]
Event: 10.733 Thread 0x000001dc2208d4e0 Exception <a 'java/lang/IncompatibleClassChangeError'{0x0000000086b81f10}: Found class java.lang.Object, but interface was expected> (0x0000000086b81f10) 
thrown [s\src\hotspot\share\interpreter\linkResolver.cpp, line 840]
Event: 10.799 Thread 0x000001dc2208d4e0 Exception <a 'java/lang/NoSuchMethodError'{0x000000008c98b9a0}: 'java.lang.Object java.lang.invoke.DirectMethodHandle$Holder.newInvokeSpecial(java.lang.Object, java.lang.Object, java.lang.Object, java.lang.Object, java.lang.Object, java.lang.Object, java.lang.Object, java.lang.Object, java.lang.Object, java.lang.Object, java.lang.Object)'> (0x000000008c98b9a0) 
thrown [s\src\hotspot\share\interpreter\linkResolver.cpp, line 773]
Event: 10.953 Thread 0x000001dc2208d4e0 Exception <a 'java/lang/NoSuchMethodError'{0x000000008a1d3448}: 'void java.lang.invoke.Invokers$Holder.invokeExact_MT(java.lang.Object, java.lang.Object, java.lang.Object, java.lang.Object)'> (0x000000008a1d3448) 
thrown [s\src\hotspot\share\interpreter\linkResolver.cpp, line 773]
Event: 11.002 Thread 0x000001dc2208d4e0 Exception <a 'java/lang/NoSuchMethodError'{0x000000008a0b8000}: 'java.lang.Object java.lang.invoke.DirectMethodHandle$Holder.invokeVirtual(java.lang.Object, java.lang.Object, java.lang.Object, int)'> (0x000000008a0b8000) 
thrown [s\src\hotspot\share\interpreter\linkResolver.cpp, line 773]
Event: 11.075 Thread 0x000001dc2208d4e0 Exception <a 'java/lang/NoSuchMethodError'{0x0000000089e698d8}: 'java.lang.Object java.lang.invoke.DirectMethodHandle$Holder.invokeVirtual(java.lang.Object, java.lang.Object, int)'> (0x0000000089e698d8) 
thrown [s\src\hotspot\share\interpreter\linkResolver.cpp, line 773]
Event: 11.169 Thread 0x000001dc2208d4e0 Exception <a 'java/lang/IncompatibleClassChangeError'{0x0000000087da2fb0}: Found class java.lang.Object, but interface was expected> (0x0000000087da2fb0) 
thrown [s\src\hotspot\share\interpreter\linkResolver.cpp, line 840]
Event: 11.295 Thread 0x000001dc2208d4e0 Exception <a 'java/lang/NoSuchMethodError'{0x000000008791c500}: 'int java.lang.invoke.DirectMethodHandle$Holder.invokeStaticInit(java.lang.Object, java.lang.Object, java.lang.Object, java.lang.Object)'> (0x000000008791c500) 
thrown [s\src\hotspot\share\interpreter\linkResolver.cpp, line 773]
Event: 11.378 Thread 0x000001dc2208d4e0 Exception <a 'java/lang/IncompatibleClassChangeError'{0x000000008773f960}: Found class java.lang.Object, but interface was expected> (0x000000008773f960) 
thrown [s\src\hotspot\share\interpreter\linkResolver.cpp, line 840]
Event: 11.390 Thread 0x000001dc2208d4e0 Implicit null exception at 0x000001dc346d1742 to 0x000001dc346d17b8
Event: 11.479 Thread 0x000001dc2208d4e0 Exception <a 'java/lang/NoSuchMethodError'{0x00000000875a59a0}: 'java.lang.Object java.lang.invoke.DirectMethodHandle$Holder.newInvokeSpecial(java.lang.Object, java.lang.Object, int, java.lang.Object, java.lang.Object)'> (0x00000000875a59a0) 
thrown [s\src\hotspot\share\interpreter\linkResolver.cpp, line 773]
Event: 18.550 Thread 0x000001dc8a880490 Exception <a 'java/lang/NoSuchMethodError'{0x000000008727f700}: 'java.lang.Object java.lang.invoke.DirectMethodHandle$Holder.invokeStatic(java.lang.Object, java.lang.Object, java.lang.Object, int, int)'> (0x000000008727f700) 
thrown [s\src\hotspot\share\interpreter\linkResolver.cpp, line 773]
Event: 18.550 Thread 0x000001dc8a880490 Exception <a 'java/lang/NoSuchMethodError'{0x0000000087282e68}: 'java.lang.Object java.lang.invoke.DirectMethodHandle$Holder.invokeStaticInit(java.lang.Object, java.lang.Object, java.lang.Object, int, int)'> (0x0000000087282e68) 
thrown [s\src\hotspot\share\interpreter\linkResolver.cpp, line 773]
Event: 18.630 Thread 0x000001dc896cc390 Exception <a 'java/lang/NoSuchMethodError'{0x00000000871b2378}: 'java.lang.Object java.lang.invoke.DirectMethodHandle$Holder.invokeSpecial(java.lang.Object, java.lang.Object, java.lang.Object, java.lang.Object, java.lang.Object, long)'> (0x00000000871b2378) 
thrown [s\src\hotspot\share\interpreter\linkResolver.cpp, line 773]
Event: 18.630 Thread 0x000001dc896cc390 Exception <a 'java/lang/NoSuchMethodError'{0x00000000871b5b00}: 'java.lang.Object java.lang.invoke.Invokers$Holder.linkToTargetMethod(java.lang.Object, java.lang.Object, java.lang.Object, long, java.lang.Object)'> (0x00000000871b5b00) 
thrown [s\src\hotspot\share\interpreter\linkResolver.cpp, line 773]
Event: 18.833 Thread 0x000001dc896cc390 Exception <a 'java/lang/IncompatibleClassChangeError'{0x000000008c9e2b10}: Found class java.lang.Object, but interface was expected> (0x000000008c9e2b10) 
thrown [s\src\hotspot\share\interpreter\linkResolver.cpp, line 840]
Event: 18.872 Thread 0x000001dc896cc390 Exception <a 'java/lang/NoSuchMethodError'{0x000000008a229a68}: 'int java.lang.invoke.DirectMethodHandle$Holder.invokeStatic(java.lang.Object, java.lang.Object, int, int)'> (0x000000008a229a68) 
thrown [s\src\hotspot\share\interpreter\linkResolver.cpp, line 773]
Event: 57.440 Thread 0x000001dc417c07e0 Exception <a 'sun/net/ConnectionResetException'{0x0000000087e0bd40}: Connection reset> (0x0000000087e0bd40) 
thrown [s\src\hotspot\share\prims\jni.cpp, line 539]

ZGC Phase Switch (0 events):
No events

VM Operations (20 events):
Event: 295.845 Executing VM operation: Cleanup
Event: 295.845 Executing VM operation: Cleanup done
Event: 296.859 Executing VM operation: Cleanup
Event: 296.861 Executing VM operation: Cleanup done
Event: 710.992 Executing VM operation: Cleanup
Event: 710.995 Executing VM operation: Cleanup done
Event: 711.998 Executing VM operation: Cleanup
Event: 711.998 Executing VM operation: Cleanup done
Event: 1002.330 Executing VM operation: Cleanup
Event: 1002.333 Executing VM operation: Cleanup done
Event: 1381.136 Executing VM operation: Cleanup
Event: 1381.139 Executing VM operation: Cleanup done
Event: 1413.346 Executing VM operation: Cleanup
Event: 1413.346 Executing VM operation: Cleanup done
Event: 1508.011 Executing VM operation: Cleanup
Event: 1508.011 Executing VM operation: Cleanup done
Event: 1516.063 Executing VM operation: Cleanup
Event: 1516.063 Executing VM operation: Cleanup done
Event: 1517.064 Executing VM operation: Cleanup
Event: 1517.064 Executing VM operation: Cleanup done

Memory protections (0 events):
No events

Nmethod flushes (20 events):
Event: 10.288 Thread 0x000001dc40fc2630 flushing  nmethod 0x000001dc2ce39f10
Event: 10.288 Thread 0x000001dc40fc2630 flushing  nmethod 0x000001dc2ce3b890
Event: 10.288 Thread 0x000001dc40fc2630 flushing  nmethod 0x000001dc2ce85c10
Event: 10.288 Thread 0x000001dc40fc2630 flushing  nmethod 0x000001dc2cea5710
Event: 10.288 Thread 0x000001dc40fc2630 flushing  nmethod 0x000001dc2cea8410
Event: 10.288 Thread 0x000001dc40fc2630 flushing  nmethod 0x000001dc2ced6d10
Event: 10.288 Thread 0x000001dc40fc2630 flushing  nmethod 0x000001dc2ced9810
Event: 10.288 Thread 0x000001dc40fc2630 flushing  nmethod 0x000001dc2cedf090
Event: 10.288 Thread 0x000001dc40fc2630 flushing  nmethod 0x000001dc2cf0b790
Event: 10.288 Thread 0x000001dc40fc2630 flushing  nmethod 0x000001dc2cf76310
Event: 10.288 Thread 0x000001dc40fc2630 flushing  nmethod 0x000001dc2cf77090
Event: 10.288 Thread 0x000001dc40fc2630 flushing  nmethod 0x000001dc2cf77610
Event: 10.288 Thread 0x000001dc40fc2630 flushing  nmethod 0x000001dc2cf77b10
Event: 10.288 Thread 0x000001dc40fc2630 flushing  nmethod 0x000001dc2cf95090
Event: 10.288 Thread 0x000001dc40fc2630 flushing  nmethod 0x000001dc2cfefe90
Event: 10.288 Thread 0x000001dc40fc2630 flushing  nmethod 0x000001dc2cff0210
Event: 10.288 Thread 0x000001dc40fc2630 flushing  nmethod 0x000001dc2cff1690
Event: 10.288 Thread 0x000001dc40fc2630 flushing  nmethod 0x000001dc2cff2e10
Event: 10.288 Thread 0x000001dc40fc2630 flushing  nmethod 0x000001dc2cff4590
Event: 10.288 Thread 0x000001dc40fc2630 flushing  nmethod 0x000001dc2d043290

Events (20 events):
Event: 1380.575 Thread 0x000001dc87fca910 Thread added: 0x000001dc8a87e3c0
Event: 1380.625 Thread 0x000001dc8a87e3c0 Thread added: 0x000001dc8a87ea50
Event: 1385.639 Thread 0x000001dc8a87e3c0 Thread exited: 0x000001dc8a87e3c0
Event: 1385.781 Thread 0x000001dc8a87ea50 Thread exited: 0x000001dc8a87ea50
Event: 1424.947 Thread 0x000001dc87fca910 Thread added: 0x000001dc8a87d010
Event: 1424.958 Thread 0x000001dc8a87d010 Thread added: 0x000001dc8a881840
Event: 1429.973 Thread 0x000001dc8a87d010 Thread exited: 0x000001dc8a87d010
Event: 1430.020 Thread 0x000001dc8a881840 Thread exited: 0x000001dc8a881840
Event: 1431.052 Thread 0x000001dc87fca910 Thread added: 0x000001dc8a87d010
Event: 1431.057 Thread 0x000001dc8a87d010 Thread added: 0x000001dc8a880b20
Event: 1436.059 Thread 0x000001dc8a87d010 Thread exited: 0x000001dc8a87d010
Event: 1436.107 Thread 0x000001dc8a880b20 Thread exited: 0x000001dc8a880b20
Event: 1451.653 Thread 0x000001dc87fca910 Thread added: 0x000001dc8a87e3c0
Event: 1451.657 Thread 0x000001dc8a87e3c0 Thread added: 0x000001dc8a87d010
Event: 1456.663 Thread 0x000001dc8a87e3c0 Thread exited: 0x000001dc8a87e3c0
Event: 1456.711 Thread 0x000001dc8a87d010 Thread exited: 0x000001dc8a87d010
Event: 1515.595 Thread 0x000001dc87fca910 Thread added: 0x000001dc8a87f770
Event: 1515.635 Thread 0x000001dc8a87f770 Thread added: 0x000001dc8a87d010
Event: 1521.262 Thread 0x000001dc8a87f770 Thread exited: 0x000001dc8a87f770
Event: 1521.296 Thread 0x000001dc8a87d010 Thread exited: 0x000001dc8a87d010


Dynamic libraries:
0x00007ff6ed980000 - 0x00007ff6ed98e000 	C:\Users\joaov\.jdks\corretto-21.0.6\bin\java.exe
0x00007ff961680000 - 0x00007ff9618e7000 	C:\WINDOWS\SYSTEM32\ntdll.dll
0x00007ff9089f0000 - 0x00007ff908a10000 	C:\Program Files\Avast Software\Avast\aswhook.dll
0x00007ff960540000 - 0x00007ff960609000 	C:\WINDOWS\System32\KERNEL32.DLL
0x00007ff95eeb0000 - 0x00007ff95f29f000 	C:\WINDOWS\System32\KERNELBASE.dll
0x00007ff95ecb0000 - 0x00007ff95edfb000 	C:\WINDOWS\System32\ucrtbase.dll
0x00007ff958dc0000 - 0x00007ff958ddb000 	C:\Users\joaov\.jdks\corretto-21.0.6\bin\VCRUNTIME140.dll
0x00007ff958cb0000 - 0x00007ff958cc8000 	C:\Users\joaov\.jdks\corretto-21.0.6\bin\jli.dll
0x00007ff95f420000 - 0x00007ff95f5e5000 	C:\WINDOWS\System32\USER32.dll
0x00007ff938e10000 - 0x00007ff9390a3000 	C:\WINDOWS\WinSxS\amd64_microsoft.windows.common-controls_6595b64144ccf1df_6.0.26100.7309_none_3e05feeae336a044\COMCTL32.dll
0x00007ff95e900000 - 0x00007ff95e927000 	C:\WINDOWS\System32\win32u.dll
0x00007ff9612d0000 - 0x00007ff961379000 	C:\WINDOWS\System32\msvcrt.dll
0x00007ff9609e0000 - 0x00007ff960a0b000 	C:\WINDOWS\System32\GDI32.dll
0x00007ff95e7d0000 - 0x00007ff95e8fc000 	C:\WINDOWS\System32\gdi32full.dll
0x00007ff95f2b0000 - 0x00007ff95f353000 	C:\WINDOWS\System32\msvcp_win.dll
0x00007ff960290000 - 0x00007ff9602c1000 	C:\WINDOWS\System32\IMM32.DLL
0x00007ff943670000 - 0x00007ff94367c000 	C:\Users\joaov\.jdks\corretto-21.0.6\bin\vcruntime140_1.dll
0x00007ff910c70000 - 0x00007ff910cfd000 	C:\Users\joaov\.jdks\corretto-21.0.6\bin\msvcp140.dll
0x00007ff882430000 - 0x00007ff8831cf000 	C:\Users\joaov\.jdks\corretto-21.0.6\bin\server\jvm.dll
0x00007ff95f600000 - 0x00007ff95f6b4000 	C:\WINDOWS\System32\ADVAPI32.dll
0x00007ff9607c0000 - 0x00007ff960866000 	C:\WINDOWS\System32\sechost.dll
0x00007ff960aa0000 - 0x00007ff960bb8000 	C:\WINDOWS\System32\RPCRT4.dll
0x00007ff961380000 - 0x00007ff9613f4000 	C:\WINDOWS\System32\WS2_32.dll
0x00007ff94ace0000 - 0x00007ff94aceb000 	C:\WINDOWS\SYSTEM32\VERSION.dll
0x00007ff959220000 - 0x00007ff959255000 	C:\WINDOWS\SYSTEM32\WINMM.dll
0x00007ff95e620000 - 0x00007ff95e67e000 	C:\WINDOWS\SYSTEM32\POWRPROF.dll
0x00007ff95e600000 - 0x00007ff95e614000 	C:\WINDOWS\SYSTEM32\UMPDC.dll
0x00007ff95d580000 - 0x00007ff95d59b000 	C:\WINDOWS\SYSTEM32\kernel.appcore.dll
0x00007ff943660000 - 0x00007ff94366a000 	C:\Users\joaov\.jdks\corretto-21.0.6\bin\jimage.dll
0x00007ff95be00000 - 0x00007ff95c042000 	C:\WINDOWS\SYSTEM32\DBGHELP.DLL
0x00007ff95fea0000 - 0x00007ff960225000 	C:\WINDOWS\System32\combase.dll
0x00007ff9610d0000 - 0x00007ff9611a6000 	C:\WINDOWS\System32\OLEAUT32.dll
0x00007ff94aae0000 - 0x00007ff94ab1c000 	C:\WINDOWS\SYSTEM32\dbgcore.DLL
0x00007ff95ee00000 - 0x00007ff95eea5000 	C:\WINDOWS\System32\bcryptPrimitives.dll
0x00007ff942690000 - 0x00007ff94269e000 	C:\Users\joaov\.jdks\corretto-21.0.6\bin\instrument.dll
0x00007ff931c90000 - 0x00007ff931caf000 	C:\Users\joaov\.jdks\corretto-21.0.6\bin\java.dll
0x00007ff95f6f0000 - 0x00007ff95fe43000 	C:\WINDOWS\System32\SHELL32.dll
0x00007ff95e930000 - 0x00007ff95ea9a000 	C:\WINDOWS\System32\wintypes.dll
0x00007ff95c3b0000 - 0x00007ff95cc0e000 	C:\WINDOWS\SYSTEM32\windows.storage.dll
0x00007ff9611b0000 - 0x00007ff9612a5000 	C:\WINDOWS\System32\SHCORE.dll
0x00007ff9615d0000 - 0x00007ff961636000 	C:\WINDOWS\System32\shlwapi.dll
0x00007ff95e6f0000 - 0x00007ff95e719000 	C:\WINDOWS\SYSTEM32\profapi.dll
0x00007ff906f70000 - 0x00007ff907047000 	C:\Users\joaov\.jdks\corretto-21.0.6\bin\jsvml.dll
0x00007ff931c10000 - 0x00007ff931c28000 	C:\Users\joaov\.jdks\corretto-21.0.6\bin\zip.dll
0x00007ff942680000 - 0x00007ff942690000 	C:\Users\joaov\.jdks\corretto-21.0.6\bin\net.dll
0x00007ff94d310000 - 0x00007ff94d438000 	C:\WINDOWS\SYSTEM32\WINHTTP.dll
0x00007ff95daf0000 - 0x00007ff95db5b000 	C:\WINDOWS\system32\mswsock.dll
0x00007ff931c30000 - 0x00007ff931c46000 	C:\Users\joaov\.jdks\corretto-21.0.6\bin\nio.dll
0x00007ff931c80000 - 0x00007ff931c89000 	C:\Users\joaov\.jdks\corretto-21.0.6\bin\extnet.dll
0x00007ff931bc0000 - 0x00007ff931bce000 	C:\Users\joaov\.jdks\corretto-21.0.6\bin\sunmscapi.dll
0x00007ff95eb30000 - 0x00007ff95eca7000 	C:\WINDOWS\System32\CRYPT32.dll
0x00007ff95dfd0000 - 0x00007ff95e000000 	C:\WINDOWS\SYSTEM32\ncrypt.dll
0x00007ff95df80000 - 0x00007ff95dfbf000 	C:\WINDOWS\SYSTEM32\NTASN1.dll
0x00007ff95ddc0000 - 0x00007ff95dddb000 	C:\WINDOWS\SYSTEM32\CRYPTSP.dll
0x00007ff95d4e0000 - 0x00007ff95d51a000 	C:\WINDOWS\system32\rsaenh.dll
0x00007ff95dba0000 - 0x00007ff95dbcb000 	C:\WINDOWS\SYSTEM32\USERENV.dll
0x00007ff95e6c0000 - 0x00007ff95e6ea000 	C:\WINDOWS\SYSTEM32\bcrypt.dll
0x00007ff95ddb0000 - 0x00007ff95ddbc000 	C:\WINDOWS\SYSTEM32\CRYPTBASE.dll
0x00007ff95d0c0000 - 0x00007ff95d0f4000 	C:\WINDOWS\SYSTEM32\IPHLPAPI.DLL
0x00007ff9615c0000 - 0x00007ff9615ca000 	C:\WINDOWS\System32\NSI.dll
0x00007ff931bb0000 - 0x00007ff931bb9000 	C:\Users\joaov\.jdks\corretto-21.0.6\bin\management.dll
0x00007ff915190000 - 0x00007ff91519b000 	C:\Users\joaov\.jdks\corretto-21.0.6\bin\management_ext.dll
0x00007ff960a10000 - 0x00007ff960a18000 	C:\WINDOWS\System32\PSAPI.DLL
0x00007ff94a0b0000 - 0x00007ff94a0b8000 	C:\WINDOWS\system32\wshunix.dll

dbghelp: loaded successfully - version: 4.0.5 - missing functions: none
symbol engine: initialized successfully - sym options: 0x614 - pdb path: .;C:\Users\joaov\.jdks\corretto-21.0.6\bin;C:\WINDOWS\SYSTEM32;C:\Program Files\Avast Software\Avast;C:\WINDOWS\WinSxS\amd64_microsoft.windows.common-controls_6595b64144ccf1df_6.0.26100.7309_none_3e05feeae336a044;C:\Users\joaov\.jdks\corretto-21.0.6\bin\server

VM Arguments:
jvm_args: -javaagent:C:\Users\joaov\AppData\Local\Programs\IntelliJ IDEA Community Edition\lib\idea_rt.jar=54657 -Dfile.encoding=UTF-8 -Dsun.stdout.encoding=UTF-8 -Dsun.stderr.encoding=UTF-8 
java_command: com.ohi.messageapi.MessageapiApplication
java_class_path (initial): C:\Users\joaov\Desktop\APIJava\target\classes;C:\Users\joaov\.m2\repository\org\springframework\boot\spring-boot-h2console\4.0.1\spring-boot-h2console-4.0.1.jar;C:\Users\joaov\.m2\repository\org\springframework\boot\spring-boot\4.0.1\spring-boot-4.0.1.jar;C:\Users\joaov\.m2\repository\org\springframework\spring-core\7.0.2\spring-core-7.0.2.jar;C:\Users\joaov\.m2\repository\commons-logging\commons-logging\1.3.5\commons-logging-1.3.5.jar;C:\Users\joaov\.m2\repository\org\jspecify\jspecify\1.0.0\jspecify-1.0.0.jar;C:\Users\joaov\.m2\repository\org\springframework\spring-context\7.0.2\spring-context-7.0.2.jar;C:\Users\joaov\.m2\repository\org\springframework\spring-aop\7.0.2\spring-aop-7.0.2.jar;C:\Users\joaov\.m2\repository\org\springframework\spring-beans\7.0.2\spring-beans-7.0.2.jar;C:\Users\joaov\.m2\repository\org\springframework\spring-expression\7.0.2\spring-expression-7.0.2.jar;C:\Users\joaov\.m2\repository\io\micrometer\micrometer-observation\1.16.1\micrometer-observation-1.16.1.jar;C:\Users\joaov\.m2\repository\io\micrometer\micrometer-commons\1.16.1\micrometer-commons-1.16.1.jar;C:\Users\joaov\.m2\repository\jakarta\servlet\jakarta.servlet-api\6.1.0\jakarta.servlet-api-6.1.0.jar;C:\Users\joaov\.m2\repository\org\springframework\boot\spring-boot-starter-data-jpa\4.0.1\spring-boot-starter-data-jpa-4.0.1.jar;C:\Users\joaov\.m2\repository\org\springframework\boot\spring-boot-starter\4.0.1\spring-boot-starter-4.0.1.jar;C:\Users\joaov\.m2\repository\org\springframework\boot\spring-boot-starter-logging\4.0.1\spring-boot-starter-logging-4.0.1.jar;C:\Users\joaov\.m2\repository\ch\qos\logback\logback-classic\1.5.22\logback-classic-1.5.22.jar;C:\Users\joaov\.m2\repository\ch\qos\logback\logback-core\1.5.22\logback-core-1.5.22.jar;C:\Users\joaov\.m2\repository\org\apache\logging\log4j\log4j-to-slf4j\2.25.3\log4j-to-slf4j-2.25.3.jar;C:\Users\joaov\.m2\repository\org\apache\logging\log4j\log4j-api\2.25.3\log4j-api-2.25.3.jar;C:\Users\joaov\.m2\repository\org\slf4j\jul-to-slf4j\2.0.17\jul-to-slf4j-2.0.17.jar;C:\Users\joaov\.m2\repository\org\springframework\boot\spring-boot-autoconfigure\4.0.1\spring-boot-autoconfigure-4.0.1.jar;C:\Users\joaov\.m2\repository\jakarta\annotation\jakarta.annotation-api\3.0.0\jakarta.annotation-api-3.0.0.jar;C:\Users\joaov\.m2\repository\org\yaml\snakeyaml\2.5\snakeyaml-2.5.jar;C:\Users\joaov\.m2\repository\org\springframework\boot\spring-boot-starter-jdbc\4.0.1\spring-boot-starter-jdbc-4.0.1.jar;C:\Users\joaov\.m2\repository\com\zaxxer\HikariCP\7.0.2\HikariCP-7.0.2.jar;C:\Users\joaov\.m2\repository\org\slf4j\slf4j-api\2.0.17\slf4j-api-2.0.17.jar;C:\Users\joaov\.m2\repository\org\springframework\boot\spring-boot-data-jpa\4.0.1\spring-boot-data-jpa-4.0.1.jar;C:\Users\joaov\.m2\repository\org\springframework\boot\spring-boot-data-commons\4.0.1\spring-boot-data-commons-4.0.1.jar;C:\Users\joaov\.m2\repository\org\springframework\boot\spring-boot-persistence\4.0.1\spring-boot-persistence-4.0.1.jar;C:\Users\joaov\.m2\repository\org\springframework\data\spring-data-commons\4.0.1\spring-data-commons-4.0.1.jar;C:\Users\joaov\.m2\repository\org\springframework\boot\spring-boot-hibernate\4.0.1\spring-boot-hibernate-4.0.1.jar;C:\Users\joaov\.m2\repository\org\springframework\boot\spring-boot-jpa\4.0.1\spring-boot-jpa-4.0.1.jar;C:\Users\joaov\.m2\repository\jakarta\persistence\jakarta.persistence-api\3.2.0\jakarta.persistence-api-3.2.0.jar;C:\Users\joaov\.m2\repository\org\hibernate\orm\hibernate-core\7.2.0.Final\hibernate-core-7.2.0.Final.jar;C:\Users\joaov\.m2\repository\jakarta\transaction\jakarta.transaction-api\2.0.1\jakarta.transaction-api-2.0.1.jar;C:\Users\joaov\.m2\repository\org\jboss\logging\jboss-logging\3.6.1.Final\jboss-logging-3.6.1.Final.jar;C:\Users\joaov\.m2\repository\org\hibernate\models\hibernate-models\1.0.1\hibernate-models-1.0.1.jar;C:\Users\joaov\.m2\repository\com\fasterxml\classmate\1.7.1\classmate-1.7.1.jar;C:\Users\joaov\.m2\repository\org\glassfish\jaxb\jaxb-runtime\4.0.6\jaxb-runtime-4.0.6.jar;C:\Users\joaov\.m2\repository\org\glassfish\jaxb\jaxb-core\4.0.6\jaxb-core-4.0.6.jar;C:\Users\joaov\.m2\repository\org\eclipse\angus\angus-activation\2.0.3\angus-activation-2.0.3.jar;C:\Users\joaov\.m2\repository\org\glassfish\jaxb\txw2\4.0.6\txw2-4.0.6.jar;C:\Users\joaov\.m2\repository\com\sun\istack\istack-commons-runtime\4.1.2\istack-commons-runtime-4.1.2.jar;C:\Users\joaov\.m2\repository\jakarta\inject\jakarta.inject-api\2.0.1\jakarta.inject-api-2.0.1.jar;C:\Users\joaov\.m2\repository\org\springframework\spring-orm\7.0.2\spring-orm-7.0.2.jar;C:\Users\joaov\.m2\repository\org\springframework\data\spring-data-jpa\4.0.1\spring-data-jpa-4.0.1.jar;C:\Users\joaov\.m2\repository\org\springframework\spring-tx\7.0.2\spring-tx-7.0.2.jar;C:\Users\joaov\.m2\repository\org\antlr\antlr4-runtime\4.13.2\antlr4-runtime-4.13.2.jar;C:\Users\joaov\.m2\repository\org\springframework\spring-aspects\7.0.2\spring-aspects-7.0.2.jar;C:\Users\joaov\.m2\repository\org\aspectj\aspectjweaver\1.9.25.1\aspectjweaver-1.9.25.1.jar;C:\Users\joaov\.m2\repository\org\springframework\boot\spring-boot-jdbc\4.0.1\spring-boot-jdbc-4.0.1.jar;C:\Users\joaov\.m2\repository\org\springframework\boot\spring-boot-sql\4.0.1\spring-boot-sql-4.0.1.jar;C:\Users\joaov\.m2\repository\org\springframework\boot\spring-boot-transaction\4.0.1\spring-boot-transaction-4.0.1.jar;C:\Users\joaov\.m2\repository\org\springframework\spring-jdbc\7.0.2\spring-jdbc-7.0.2.jar;C:\Users\joaov\.m2\repository\org\springframework\boot\spring-boot-starter-webmvc\4.0.1\spring-boot-starter-webmvc-4.0.1.jar;C:\Users\joaov\.m2\repository\org\springframework\boot\spring-boot-starter-jackson\4.0.1\spring-boot-starter-jackson-4.0.1.jar;C:\Users\joaov\.m2\repository\org\springframework\boot\spring-boot-jackson\4.0.1\spring-boot-jackson-4.0.1.jar;C:\Users\joaov\.m2\repository\tools\jackson\core\jackson-databind\3.0.3\jackson-databind-3.0.3.jar;C:\Users\joaov\.m2\repository\com\fasterxml\jackson\core\jackson-annotations\2.20\jackson-annotations-2.20.jar;C:\Users\joaov\.m2\repository\tools\jackson\core\jackson-core\3.0.3\jackson-core-3.0.3.jar;C:\Users\joaov\.m2\repository\org\springframework\boot\spring-boot-starter-tomcat\4.0.1\spring-boot-starter-tomcat-4.0.1.jar;C:\Users\joaov\.m2\repository\org\springframework\boot\spring-boot-starter-tomcat-runtime\4.0.1\spring-boot-starter-tomcat-runtime-4.0.1.jar;C:\Users\joaov\.m2\repository\org\apache\tomcat\embed\tomcat-embed-core\11.0.15\tomcat-embed-core-11.0.15.jar;C:\Users\joaov\.m2\repository\org\apache\tomcat\embed\tomcat-embed-el\11.0.15\tomcat-embed-el-11.0.15.jar;C:\Users\joaov\.m2\repository\org\apache\tomcat\embed\tomcat-embed-websocket\11.0.15\tomcat-embed-websocket-11.0.15.jar;C:\Users\joaov\.m2\repository\org\springframework\boot\spring-boot-tomcat\4.0.1\spring-boot-tomcat-4.0.1.jar;C:\Users\joaov\.m2\repository\org\springframework\boot\spring-boot-http-converter\4.0.1\spring-boot-http-converter-4.0.1.jar;C:\Users\joaov\.m2\repository\org\springframework\spring-web\7.0.2\spring-web-7.0.2.jar;C:\Users\joaov\.m2\repository\org\springframework\boot\spring-boot-webmvc\4.0.1\spring-boot-webmvc-4.0.1.jar;C:\Users\joaov\.m2\repository\org\springframework\boot\spring-boot-servlet\4.0.1\spring-boot-servlet-4.0.1.jar;C:\Users\joaov\.m2\repository\org\springframework\spring-webmvc\7.0.2\spring-webmvc-7.0.2.jar;C:\Users\joaov\.m2\repository\com\h2database\h2\2.4.240\h2-2.4.240.jar;C:\Users\joaov\.m2\repository\jakarta\xml\bind\jakarta.xml.bind-api\4.0.4\jakarta.xml.bind-api-4.0.4.jar;C:\Users\joaov\.m2\repository\jakarta\activation\jakarta.activation-api\2.1.4\jakarta.activation-api-2.1.4.jar;C:\Users\joaov\.m2\repository\net\bytebuddy\byte-buddy\1.17.8\byte-buddy-1.17.8.jar;C:\Users\joaov\.m2\repository\org\springframework\boot\spring-boot-web-server\4.0.1\spring-boot-web-server-4.0.1.jar
Launcher Type: SUN_STANDARD

[Global flags]
     intx CICompilerCount                          = 4                                         {product} {ergonomic}
     uint ConcGCThreads                            = 3                                         {product} {ergonomic}
     uint G1ConcRefinementThreads                  = 10                                        {product} {ergonomic}
   size_t G1HeapRegionSize                         = 1048576                                   {product} {ergonomic}
    uintx GCDrainStackTargetSize                   = 64                                        {product} {ergonomic}
   size_t InitialHeapSize                          = 130023424                                 {product} {ergonomic}
   size_t MarkStackSize                            = 4194304                                   {product} {ergonomic}
   size_t MaxHeapSize                              = 2065694720                                {product} {ergonomic}
   size_t MaxNewSize                               = 1239416832                                {product} {ergonomic}
   size_t MinHeapDeltaBytes                        = 1048576                                   {product} {ergonomic}
   size_t MinHeapSize                              = 8388608                                   {product} {ergonomic}
    uintx NonNMethodCodeHeapSize                   = 5839372                                {pd product} {ergonomic}
    uintx NonProfiledCodeHeapSize                  = 122909434                              {pd product} {ergonomic}
    uintx ProfiledCodeHeapSize                     = 122909434                              {pd product} {ergonomic}
    uintx ReservedCodeCacheSize                    = 251658240                              {pd product} {ergonomic}
     bool SegmentedCodeCache                       = true                                      {product} {ergonomic}
   size_t SoftMaxHeapSize                          = 2065694720                             {manageable} {ergonomic}
     bool UseCompressedOops                        = true                           {product lp64_product} {ergonomic}
     bool UseG1GC                                  = true                                      {product} {ergonomic}
     bool UseLargePagesIndividualAllocation        = false                                  {pd product} {ergonomic}

Logging:
Log output configuration:
 #0: stdout all=warning uptime,level,tags foldmultilines=false
 #1: stderr all=off uptime,level,tags foldmultilines=false

Environment Variables:
PATH=C:\Program Files\Common Files\Oracle\Java\javapath;C:\WINDOWS\system32;C:\WINDOWS;C:\WINDOWS\System32\Wbem;C:\WINDOWS\System32\WindowsPowerShell\v1.0\;C:\WINDOWS\System32\OpenSSH\;C:\Program Files\dotnet\;C:\Program Files\nodejs\;C:\Program Files (x86)\Microsoft SQL Server\160\Tools\Binn\;C:\Program Files\Microsoft SQL Server\160\Tools\Binn\;C:\Program Files\Microsoft SQL Server\Client SDK\ODBC\170\Tools\Binn\;C:\Program Files\Microsoft SQL Server\160\DTS\Binn\;C:\Program Files\Git\cmd;C:\Users\joaov\AppData\Local\Programs\Python\Python312\Scripts\;C:\Users\joaov\AppData\Local\Programs\Python\Python312\;C:\Users\joaov\AppData\Local\Microsoft\WindowsApps;C:\Users\joaov\AppData\Local\Programs\Microsoft VS Code\bin;C:\Users\joaov\AppData\Roaming\npm;C:\Users\joaov\AppData\Local\JetBrains\Toolbox\scripts;;C:\Users\joaov\AppData\Local\Microsoft\WindowsApps
USERNAME=joaov
OS=Windows_NT
PROCESSOR_IDENTIFIER=Intel64 Family 6 Model 154 Stepping 4, GenuineIntel
TMP=C:\Users\joaov\AppData\Local\Temp
TEMP=C:\Users\joaov\AppData\Local\Temp




Periodic native trim disabled

---------------  S Y S T E M  ---------------

OS:
 Windows 11 , 64 bit Build 26100 (10.0.26100.7309)
OS uptime: 0 days 2:19 hours
Hyper-V role detected

CPU: total 12 (initial active 12) (6 cores per cpu, 2 threads per core) family 6 model 154 stepping 4 microcode 0x437, cx8, cmov, fxsr, ht, mmx, 3dnowpref, sse, sse2, sse3, ssse3, sse4.1, sse4.2, popcnt, lzcnt, tsc, tscinvbit, avx, avx2, aes, erms, clmul, bmi1, bmi2, adx, sha, fma, vzeroupper, clflush, clflushopt, clwb, hv, serialize, rdtscp, rdpid, fsrm, f16c, cet_ibt, cet_ss
Processor Information for the first 12 processors :
  Max Mhz: 1300, Current Mhz: 1300, Mhz Limit: 1300

Memory: 4k page, system-wide physical 7876M (569M free)
TotalPageFile size 16068M (AvailPageFile size 0M)
current process WorkingSet (physical memory assigned to process): 19M, peak: 241M
current process commit charge ("private bytes"): 263M, peak: 289M

vm_info: OpenJDK 64-Bit Server VM (21.0.6+7-LTS) for windows-amd64 JRE (21.0.6+7-LTS), built on 2025-01-07T23:42:01Z by "Administrator" with MS VC++ 16.10 / 16.11 (VS2019)

END.
